<?xml version="1.0" encoding="UTF-8"?>
<coverage generated="1761862487977" clover="3.2.0">
  <project timestamp="1761862487977" name="All files">
    <metrics statements="301" coveredstatements="252" conditionals="146" coveredconditionals="112" methods="103" coveredmethods="86" elements="550" coveredelements="450" complexity="0" loc="301" ncloc="301" packages="1" files="2" classes="2"/>
    <file name="db.js" path="/Users/truong/Documents/SoftwareDesignProject2/viet-boyz/backend/db.js">
      <metrics statements="4" coveredstatements="4" conditionals="10" coveredconditionals="10" methods="1" coveredmethods="1"/>
      <line num="1" count="1" type="stmt"/>
      <line num="3" count="1" type="stmt"/>
      <line num="12" count="1" type="stmt"/>
      <line num="25" count="1" type="stmt"/>
    </file>
    <file name="server.js" path="/Users/truong/Documents/SoftwareDesignProject2/viet-boyz/backend/server.js">
      <metrics statements="297" coveredstatements="248" conditionals="136" coveredconditionals="102" methods="102" coveredmethods="85"/>
      <line num="1" count="1" type="stmt"/>
      <line num="2" count="1" type="stmt"/>
      <line num="3" count="1" type="stmt"/>
      <line num="4" count="1" type="stmt"/>
      <line num="5" count="1" type="stmt"/>
      <line num="6" count="1" type="stmt"/>
      <line num="8" count="1" type="stmt"/>
      <line num="9" count="1" type="stmt"/>
      <line num="11" count="1" type="stmt"/>
      <line num="15" count="1" type="stmt"/>
      <line num="16" count="1" type="stmt"/>
      <line num="27" count="1" type="stmt"/>
      <line num="30" count="17" type="stmt"/>
      <line num="31" count="17" type="stmt"/>
      <line num="32" count="17" type="stmt"/>
      <line num="39" count="17" type="stmt"/>
      <line num="40" count="38" type="stmt"/>
      <line num="49" count="2" type="stmt"/>
      <line num="50" count="2" type="stmt"/>
      <line num="51" count="2" type="stmt"/>
      <line num="58" count="2" type="stmt"/>
      <line num="60" count="2" type="stmt"/>
      <line num="61" count="2" type="stmt"/>
      <line num="62" count="2" type="stmt"/>
      <line num="69" count="2" type="stmt"/>
      <line num="75" count="2" type="stmt"/>
      <line num="86" count="1" type="stmt"/>
      <line num="98" count="1" type="stmt"/>
      <line num="99" count="3" type="cond" truecount="4" falsecount="0"/>
      <line num="100" count="1" type="stmt"/>
      <line num="102" count="2" type="stmt"/>
      <line num="107" count="1" type="stmt"/>
      <line num="108" count="3" type="cond" truecount="1" falsecount="0"/>
      <line num="111" count="3" type="stmt"/>
      <line num="119" count="3" type="stmt"/>
      <line num="123" count="3" type="cond" truecount="2" falsecount="0"/>
      <line num="130" count="0" type="stmt"/>
      <line num="133" count="2" type="stmt"/>
      <line num="136" count="2" type="stmt"/>
      <line num="148" count="2" type="stmt"/>
      <line num="162" count="2" type="stmt"/>
      <line num="179" count="1" type="stmt"/>
      <line num="180" count="13" type="stmt"/>
      <line num="181" count="13" type="stmt"/>
      <line num="183" count="13" type="cond" truecount="2" falsecount="0"/>
      <line num="184" count="1" type="stmt"/>
      <line num="186" count="12" type="cond" truecount="2" falsecount="0"/>
      <line num="187" count="1" type="stmt"/>
      <line num="190" count="11" type="stmt"/>
      <line num="205" count="11" type="cond" truecount="4" falsecount="0"/>
      <line num="206" count="4" type="stmt"/>
      <line num="208" count="7" type="stmt"/>
      <line num="210" count="7" type="stmt"/>
      <line num="211" count="7" type="cond" truecount="1" falsecount="1"/>
      <line num="212" count="0" type="stmt"/>
      <line num="213" count="0" type="stmt"/>
      <line num="216" count="7" type="cond" truecount="2" falsecount="0"/>
      <line num="217" count="1" type="stmt"/>
      <line num="221" count="6" type="stmt"/>
      <line num="235" count="6" type="stmt"/>
      <line num="249" count="1" type="stmt"/>
      <line num="251" count="11" type="stmt"/>
      <line num="252" count="11" type="stmt"/>
      <line num="256" count="1" type="stmt"/>
      <line num="257" count="1" type="stmt"/>
      <line num="259" count="1" type="cond" truecount="1" falsecount="1"/>
      <line num="260" count="0" type="stmt"/>
      <line num="263" count="1" type="stmt"/>
      <line num="265" count="1" type="stmt"/>
      <line num="274" count="1" type="cond" truecount="1" falsecount="1"/>
      <line num="275" count="0" type="stmt"/>
      <line num="276" count="0" type="stmt"/>
      <line num="279" count="1" type="cond" truecount="3" falsecount="1"/>
      <line num="280" count="0" type="stmt"/>
      <line num="283" count="1" type="stmt"/>
      <line num="285" count="1" type="stmt"/>
      <line num="287" count="1" type="stmt"/>
      <line num="297" count="1" type="stmt"/>
      <line num="298" count="1" type="cond" truecount="1" falsecount="1"/>
      <line num="299" count="1" type="stmt"/>
      <line num="301" count="0" type="stmt"/>
      <line num="311" count="1" type="stmt"/>
      <line num="312" count="1" type="stmt"/>
      <line num="316" count="1" type="stmt"/>
      <line num="317" count="1" type="stmt"/>
      <line num="318" count="1" type="stmt"/>
      <line num="321" count="1" type="stmt"/>
      <line num="322" count="2" type="stmt"/>
      <line num="323" count="2" type="cond" truecount="9" falsecount="0"/>
      <line num="324" count="1" type="stmt"/>
      <line num="327" count="1" type="stmt"/>
      <line num="362" count="1" type="stmt"/>
      <line num="363" count="2" type="stmt"/>
      <line num="364" count="2" type="stmt"/>
      <line num="368" count="2" type="stmt"/>
      <line num="381" count="2" type="cond" truecount="2" falsecount="0"/>
      <line num="383" count="1" type="stmt"/>
      <line num="384" count="1" type="stmt"/>
      <line num="388" count="1" type="stmt"/>
      <line num="391" count="0" type="stmt"/>
      <line num="392" count="0" type="stmt"/>
      <line num="396" count="1" type="stmt"/>
      <line num="397" count="1" type="stmt"/>
      <line num="398" count="1" type="stmt"/>
      <line num="399" count="1" type="stmt"/>
      <line num="400" count="1" type="stmt"/>
      <line num="411" count="1" type="stmt"/>
      <line num="414" count="1" type="stmt"/>
      <line num="415" count="2" type="stmt"/>
      <line num="416" count="2" type="stmt"/>
      <line num="419" count="2" type="stmt"/>
      <line num="420" count="2" type="cond" truecount="2" falsecount="0"/>
      <line num="421" count="1" type="stmt"/>
      <line num="422" count="1" type="stmt"/>
      <line num="428" count="1" type="stmt"/>
      <line num="433" count="1" type="stmt"/>
      <line num="434" count="1" type="stmt"/>
      <line num="440" count="1" type="stmt"/>
      <line num="445" count="1" type="cond" truecount="1" falsecount="1"/>
      <line num="446" count="1" type="stmt"/>
      <line num="447" count="1" type="stmt"/>
      <line num="453" count="1" type="stmt"/>
      <line num="458" count="1" type="stmt"/>
      <line num="459" count="1" type="stmt"/>
      <line num="465" count="1" type="stmt"/>
      <line num="470" count="2" type="stmt"/>
      <line num="472" count="0" type="stmt"/>
      <line num="473" count="0" type="stmt"/>
      <line num="479" count="1" type="stmt"/>
      <line num="480" count="1" type="stmt"/>
      <line num="481" count="1" type="stmt"/>
      <line num="482" count="1" type="stmt"/>
      <line num="483" count="1" type="stmt"/>
      <line num="490" count="1" type="stmt"/>
      <line num="491" count="1" type="stmt"/>
      <line num="496" count="0" type="stmt"/>
      <line num="501" count="1" type="stmt"/>
      <line num="502" count="1" type="stmt"/>
      <line num="504" count="1" type="stmt"/>
      <line num="505" count="1" type="stmt"/>
      <line num="506" count="1" type="stmt"/>
      <line num="513" count="1" type="stmt"/>
      <line num="514" count="1" type="stmt"/>
      <line num="519" count="0" type="stmt"/>
      <line num="526" count="1" type="stmt"/>
      <line num="527" count="1" type="stmt"/>
      <line num="528" count="1" type="stmt"/>
      <line num="529" count="1" type="stmt"/>
      <line num="533" count="1" type="stmt"/>
      <line num="534" count="1" type="stmt"/>
      <line num="535" count="1" type="stmt"/>
      <line num="537" count="1" type="stmt"/>
      <line num="540" count="1" type="stmt"/>
      <line num="541" count="1" type="stmt"/>
      <line num="548" count="1" type="stmt"/>
      <line num="549" count="1" type="stmt"/>
      <line num="552" count="1" type="stmt"/>
      <line num="553" count="1" type="stmt"/>
      <line num="556" count="1" type="stmt"/>
      <line num="557" count="0" type="stmt"/>
      <line num="558" count="0" type="stmt"/>
      <line num="559" count="0" type="stmt"/>
      <line num="565" count="0" type="stmt"/>
      <line num="567" count="0" type="stmt"/>
      <line num="568" count="0" type="stmt"/>
      <line num="573" count="1" type="stmt"/>
      <line num="574" count="0" type="stmt"/>
      <line num="576" count="0" type="stmt"/>
      <line num="577" count="0" type="stmt"/>
      <line num="578" count="0" type="cond" truecount="0" falsecount="2"/>
      <line num="579" count="0" type="stmt"/>
      <line num="583" count="0" type="stmt"/>
      <line num="585" count="0" type="stmt"/>
      <line num="586" count="0" type="stmt"/>
      <line num="593" count="0" type="cond" truecount="0" falsecount="2"/>
      <line num="594" count="0" type="stmt"/>
      <line num="599" count="0" type="stmt"/>
      <line num="606" count="0" type="stmt"/>
      <line num="608" count="0" type="stmt"/>
      <line num="609" count="0" type="stmt"/>
      <line num="613" count="1" type="stmt"/>
      <line num="614" count="0" type="stmt"/>
      <line num="615" count="0" type="stmt"/>
      <line num="616" count="0" type="stmt"/>
      <line num="621" count="0" type="cond" truecount="0" falsecount="2"/>
      <line num="622" count="0" type="stmt"/>
      <line num="625" count="0" type="stmt"/>
      <line num="627" count="0" type="stmt"/>
      <line num="628" count="0" type="stmt"/>
      <line num="634" count="1" type="stmt"/>
      <line num="635" count="0" type="stmt"/>
      <line num="636" count="0" type="stmt"/>
      <line num="648" count="1" type="stmt"/>
      <line num="649" count="2" type="stmt"/>
      <line num="650" count="1" type="stmt"/>
      <line num="655" count="1" type="stmt"/>
      <line num="656" count="10" type="stmt"/>
      <line num="657" count="3" type="cond" truecount="2" falsecount="0"/>
      <line num="660" count="2" type="stmt"/>
      <line num="661" count="2" type="stmt"/>
      <line num="662" count="2" type="cond" truecount="1" falsecount="1"/>
      <line num="664" count="2" type="stmt"/>
      <line num="669" count="2" type="stmt"/>
      <line num="670" count="2" type="stmt"/>
      <line num="671" count="2" type="cond" truecount="1" falsecount="1"/>
      <line num="673" count="2" type="stmt"/>
      <line num="678" count="2" type="stmt"/>
      <line num="679" count="2" type="stmt"/>
      <line num="680" count="2" type="cond" truecount="1" falsecount="1"/>
      <line num="682" count="2" type="stmt"/>
      <line num="688" count="2" type="stmt"/>
      <line num="690" count="2" type="stmt"/>
      <line num="691" count="2" type="stmt"/>
      <line num="693" count="2" type="stmt"/>
      <line num="695" count="2" type="stmt"/>
      <line num="696" count="2" type="stmt"/>
      <line num="699" count="2" type="stmt"/>
      <line num="702" count="0" type="stmt"/>
      <line num="703" count="0" type="stmt"/>
      <line num="713" count="1" type="stmt"/>
      <line num="726" count="3" type="stmt"/>
      <line num="728" count="3" type="stmt"/>
      <line num="730" count="3" type="cond" truecount="1" falsecount="1"/>
      <line num="732" count="3" type="stmt"/>
      <line num="736" count="3" type="stmt"/>
      <line num="737" count="3" type="stmt"/>
      <line num="738" count="3" type="stmt"/>
      <line num="739" count="3" type="cond" truecount="1" falsecount="1"/>
      <line num="741" count="3" type="stmt"/>
      <line num="742" count="3" type="stmt"/>
      <line num="747" count="3" type="cond" truecount="2" falsecount="0"/>
      <line num="748" count="3" type="stmt"/>
      <line num="749" count="2" type="stmt"/>
      <line num="750" count="2" type="stmt"/>
      <line num="751" count="2" type="cond" truecount="1" falsecount="1"/>
      <line num="753" count="2" type="stmt"/>
      <line num="754" count="2" type="stmt"/>
      <line num="761" count="1" type="stmt"/>
      <line num="764" count="3" type="stmt"/>
      <line num="765" count="3" type="stmt"/>
      <line num="766" count="3" type="stmt"/>
      <line num="767" count="3" type="cond" truecount="1" falsecount="1"/>
      <line num="769" count="3" type="stmt"/>
      <line num="770" count="3" type="stmt"/>
      <line num="775" count="3" type="cond" truecount="2" falsecount="0"/>
      <line num="776" count="3" type="stmt"/>
      <line num="777" count="2" type="stmt"/>
      <line num="778" count="2" type="stmt"/>
      <line num="779" count="2" type="stmt"/>
      <line num="780" count="2" type="cond" truecount="1" falsecount="1"/>
      <line num="782" count="2" type="stmt"/>
      <line num="783" count="2" type="stmt"/>
      <line num="790" count="2" type="stmt"/>
      <line num="793" count="9" type="stmt"/>
      <line num="801" count="2" type="cond" truecount="1" falsecount="1"/>
      <line num="802" count="2" type="cond" truecount="2" falsecount="0"/>
      <line num="803" count="2" type="cond" truecount="3" falsecount="1"/>
      <line num="804" count="2" type="cond" truecount="3" falsecount="1"/>
      <line num="805" count="2" type="cond" truecount="3" falsecount="1"/>
      <line num="806" count="2" type="cond" truecount="3" falsecount="1"/>
      <line num="807" count="2" type="cond" truecount="3" falsecount="1"/>
      <line num="808" count="2" type="cond" truecount="1" falsecount="3"/>
      <line num="809" count="2" type="cond" truecount="3" falsecount="1"/>
      <line num="812" count="2" type="stmt"/>
      <line num="827" count="2" type="stmt"/>
      <line num="834" count="1" type="stmt"/>
      <line num="835" count="1" type="stmt"/>
      <line num="838" count="1" type="stmt"/>
      <line num="850" count="1" type="stmt"/>
      <line num="855" count="1" type="stmt"/>
      <line num="856" count="4" type="stmt"/>
      <line num="857" count="4" type="stmt"/>
      <line num="859" count="4" type="cond" truecount="2" falsecount="0"/>
      <line num="860" count="2" type="stmt"/>
      <line num="864" count="2" type="stmt"/>
      <line num="869" count="2" type="cond" truecount="2" falsecount="0"/>
      <line num="870" count="1" type="stmt"/>
      <line num="874" count="1" type="stmt"/>
      <line num="882" count="0" type="stmt"/>
      <line num="889" count="1" type="stmt"/>
      <line num="890" count="4" type="stmt"/>
      <line num="891" count="4" type="stmt"/>
      <line num="894" count="4" type="stmt"/>
      <line num="899" count="4" type="cond" truecount="2" falsecount="0"/>
      <line num="900" count="1" type="stmt"/>
      <line num="904" count="3" type="stmt"/>
      <line num="912" count="3" type="cond" truecount="2" falsecount="0"/>
      <line num="913" count="1" type="stmt"/>
      <line num="917" count="2" type="stmt"/>
      <line num="925" count="2" type="stmt"/>
      <line num="934" count="1" type="stmt"/>
      <line num="935" count="3" type="cond" truecount="2" falsecount="0"/>
      <line num="936" count="1" type="stmt"/>
      <line num="938" count="2" type="stmt"/>
      <line num="944" count="0" type="stmt"/>
      <line num="945" count="0" type="stmt"/>
      <line num="957" count="1" type="stmt"/>
    </file>
  </project>
</coverage>
