{"/Users/truong/Documents/SoftwareDesignProject2/viet-boyz/backend/db.js": {"path":"/Users/truong/Documents/SoftwareDesignProject2/viet-boyz/backend/db.js","statementMap":{"0":{"start":{"line":1,"column":14},"end":{"line":1,"column":30}},"1":{"start":{"line":3,"column":11},"end":{"line":10,"column":2}},"2":{"start":{"line":12,"column":0},"end":{"line":23,"column":3}},"3":{"start":{"line":25,"column":0},"end":{"line":25,"column":22}}},"fnMap":{"0":{"name":"(anonymous_0)","decl":{"start":{"line":12,"column":17},"end":{"line":12,"column":18}},"loc":{"start":{"line":12,"column":37},"end":{"line":23,"column":1}},"line":12}},"branchMap":{"0":{"loc":{"start":{"line":5,"column":10},"end":{"line":5,"column":44}},"type":"binary-expr","locations":[{"start":{"line":5,"column":10},"end":{"line":5,"column":29}},{"start":{"line":5,"column":33},"end":{"line":5,"column":44}}],"line":5},"1":{"loc":{"start":{"line":6,"column":10},"end":{"line":6,"column":37}},"type":"binary-expr","locations":[{"start":{"line":6,"column":10},"end":{"line":6,"column":29}},{"start":{"line":6,"column":33},"end":{"line":6,"column":37}}],"line":6},"2":{"loc":{"start":{"line":7,"column":10},"end":{"line":7,"column":48}},"type":"binary-expr","locations":[{"start":{"line":7,"column":10},"end":{"line":7,"column":29}},{"start":{"line":7,"column":33},"end":{"line":7,"column":48}}],"line":7},"3":{"loc":{"start":{"line":8,"column":14},"end":{"line":8,"column":51}},"type":"binary-expr","locations":[{"start":{"line":8,"column":14},"end":{"line":8,"column":37}},{"start":{"line":8,"column":41},"end":{"line":8,"column":51}}],"line":8},"4":{"loc":{"start":{"line":9,"column":14},"end":{"line":9,"column":57}},"type":"binary-expr","locations":[{"start":{"line":9,"column":14},"end":{"line":9,"column":33}},{"start":{"line":9,"column":37},"end":{"line":9,"column":57}}],"line":9}},"s":{"0":1,"1":1,"2":1,"3":1},"f":{"0":1},"b":{"0":[1,1],"1":[1,1],"2":[1,1],"3":[1,1],"4":[1,1]},"_coverageSchema":"1a1c01bbd47fc00a2c39e90264f33305004495a9","hash":"8651a326e14e906901da6e63763fa6b36bb88ac1"}
,"/Users/truong/Documents/SoftwareDesignProject2/viet-boyz/backend/server.js": {"path":"/Users/truong/Documents/SoftwareDesignProject2/viet-boyz/backend/server.js","statementMap":{"0":{"start":{"line":1,"column":16},"end":{"line":1,"column":34}},"1":{"start":{"line":2,"column":16},"end":{"line":2,"column":42}},"2":{"start":{"line":3,"column":13},"end":{"line":3,"column":28}},"3":{"start":{"line":4,"column":13},"end":{"line":4,"column":28}},"4":{"start":{"line":5,"column":15},"end":{"line":5,"column":32}},"5":{"start":{"line":6,"column":0},"end":{"line":6,"column":27}},"6":{"start":{"line":8,"column":12},"end":{"line":8,"column":21}},"7":{"start":{"line":9,"column":13},"end":{"line":9,"column":17}},"8":{"start":{"line":11,"column":0},"end":{"line":14,"column":4}},"9":{"start":{"line":15,"column":0},"end":{"line":15,"column":24}},"10":{"start":{"line":16,"column":0},"end":{"line":23,"column":2}},"11":{"start":{"line":27,"column":13},"end":{"line":27,"column":15}},"12":{"start":{"line":30,"column":2},"end":{"line":45,"column":3}},"13":{"start":{"line":31,"column":6},"end":{"line":37,"column":9}},"14":{"start":{"line":32,"column":10},"end":{"line":36,"column":13}},"15":{"start":{"line":39,"column":6},"end":{"line":39,"column":63}},"16":{"start":{"line":40,"column":6},"end":{"line":40,"column":47}},"17":{"start":{"line":40,"column":33},"end":{"line":40,"column":44}},"18":{"start":{"line":49,"column":2},"end":{"line":80,"column":3}},"19":{"start":{"line":50,"column":27},"end":{"line":56,"column":6}},"20":{"start":{"line":51,"column":6},"end":{"line":55,"column":9}},"21":{"start":{"line":58,"column":4},"end":{"line":58,"column":62}},"22":{"start":{"line":60,"column":4},"end":{"line":73,"column":8}},"23":{"start":{"line":61,"column":29},"end":{"line":67,"column":8}},"24":{"start":{"line":62,"column":10},"end":{"line":66,"column":13}},"25":{"start":{"line":69,"column":6},"end":{"line":72,"column":8}},"26":{"start":{"line":75,"column":4},"end":{"line":75,"column":18}},"27":{"start":{"line":86,"column":22},"end":{"line":94,"column":1}},"28":{"start":{"line":98,"column":20},"end":{"line":103,"column":1}},"29":{"start":{"line":99,"column":2},"end":{"line":101,"column":3}},"30":{"start":{"line":100,"column":4},"end":{"line":100,"column":76}},"31":{"start":{"line":102,"column":2},"end":{"line":102,"column":9}},"32":{"start":{"line":107,"column":0},"end":{"line":176,"column":3}},"33":{"start":{"line":108,"column":49},"end":{"line":108,"column":57}},"34":{"start":{"line":111,"column":2},"end":{"line":175,"column":5}},"35":{"start":{"line":119,"column":6},"end":{"line":174,"column":8}},"36":{"start":{"line":123,"column":14},"end":{"line":131,"column":15}},"37":{"start":{"line":130,"column":18},"end":{"line":130,"column":84}},"38":{"start":{"line":133,"column":29},"end":{"line":133,"column":49}},"39":{"start":{"line":136,"column":14},"end":{"line":172,"column":16}},"40":{"start":{"line":148,"column":20},"end":{"line":160,"column":22}},"41":{"start":{"line":162,"column":20},"end":{"line":170,"column":23}},"42":{"start":{"line":179,"column":0},"end":{"line":247,"column":3}},"43":{"start":{"line":180,"column":4},"end":{"line":180,"column":23}},"44":{"start":{"line":181,"column":32},"end":{"line":181,"column":40}},"45":{"start":{"line":183,"column":4},"end":{"line":185,"column":5}},"46":{"start":{"line":184,"column":8},"end":{"line":184,"column":69}},"47":{"start":{"line":186,"column":4},"end":{"line":188,"column":5}},"48":{"start":{"line":187,"column":8},"end":{"line":187,"column":72}},"49":{"start":{"line":190,"column":4},"end":{"line":246,"column":6}},"50":{"start":{"line":205,"column":12},"end":{"line":207,"column":13}},"51":{"start":{"line":206,"column":16},"end":{"line":206,"column":80}},"52":{"start":{"line":208,"column":25},"end":{"line":208,"column":36}},"53":{"start":{"line":210,"column":12},"end":{"line":244,"column":15}},"54":{"start":{"line":211,"column":16},"end":{"line":214,"column":17}},"55":{"start":{"line":212,"column":20},"end":{"line":212,"column":56}},"56":{"start":{"line":213,"column":20},"end":{"line":213,"column":86}},"57":{"start":{"line":216,"column":16},"end":{"line":218,"column":17}},"58":{"start":{"line":217,"column":20},"end":{"line":217,"column":84}},"59":{"start":{"line":221,"column":16},"end":{"line":233,"column":18}},"60":{"start":{"line":235,"column":16},"end":{"line":243,"column":19}},"61":{"start":{"line":249,"column":0},"end":{"line":254,"column":3}},"62":{"start":{"line":251,"column":4},"end":{"line":251,"column":35}},"63":{"start":{"line":252,"column":4},"end":{"line":252,"column":47}},"64":{"start":{"line":256,"column":0},"end":{"line":295,"column":3}},"65":{"start":{"line":257,"column":15},"end":{"line":257,"column":31}},"66":{"start":{"line":259,"column":2},"end":{"line":261,"column":3}},"67":{"start":{"line":260,"column":6},"end":{"line":260,"column":77}},"68":{"start":{"line":263,"column":2},"end":{"line":263,"column":56}},"69":{"start":{"line":265,"column":2},"end":{"line":294,"column":4}},"70":{"start":{"line":274,"column":10},"end":{"line":277,"column":11}},"71":{"start":{"line":275,"column":14},"end":{"line":275,"column":49}},"72":{"start":{"line":276,"column":14},"end":{"line":276,"column":80}},"73":{"start":{"line":279,"column":10},"end":{"line":281,"column":11}},"74":{"start":{"line":280,"column":14},"end":{"line":280,"column":73}},"75":{"start":{"line":283,"column":25},"end":{"line":283,"column":36}},"76":{"start":{"line":285,"column":10},"end":{"line":285,"column":58}},"77":{"start":{"line":287,"column":10},"end":{"line":292,"column":13}},"78":{"start":{"line":297,"column":0},"end":{"line":303,"column":3}},"79":{"start":{"line":298,"column":2},"end":{"line":302,"column":3}},"80":{"start":{"line":299,"column":6},"end":{"line":299,"column":50}},"81":{"start":{"line":301,"column":6},"end":{"line":301,"column":61}},"82":{"start":{"line":311,"column":0},"end":{"line":313,"column":5}},"83":{"start":{"line":312,"column":4},"end":{"line":312,"column":48}},"84":{"start":{"line":316,"column":0},"end":{"line":319,"column":3}},"85":{"start":{"line":317,"column":2},"end":{"line":317,"column":15}},"86":{"start":{"line":318,"column":2},"end":{"line":318,"column":18}},"87":{"start":{"line":321,"column":0},"end":{"line":360,"column":3}},"88":{"start":{"line":322,"column":83},"end":{"line":322,"column":91}},"89":{"start":{"line":323,"column":4},"end":{"line":325,"column":5}},"90":{"start":{"line":324,"column":6},"end":{"line":324,"column":78}},"91":{"start":{"line":327,"column":4},"end":{"line":359,"column":7}},"92":{"start":{"line":362,"column":0},"end":{"line":394,"column":3}},"93":{"start":{"line":363,"column":2},"end":{"line":393,"column":3}},"94":{"start":{"line":364,"column":20},"end":{"line":364,"column":47}},"95":{"start":{"line":368,"column":4},"end":{"line":389,"column":7}},"96":{"start":{"line":381,"column":6},"end":{"line":385,"column":7}},"97":{"start":{"line":383,"column":8},"end":{"line":383,"column":27}},"98":{"start":{"line":384,"column":8},"end":{"line":384,"column":100}},"99":{"start":{"line":388,"column":6},"end":{"line":388,"column":43}},"100":{"start":{"line":391,"column":4},"end":{"line":391,"column":23}},"101":{"start":{"line":392,"column":4},"end":{"line":392,"column":96}},"102":{"start":{"line":396,"column":0},"end":{"line":412,"column":3}},"103":{"start":{"line":397,"column":18},"end":{"line":397,"column":45}},"104":{"start":{"line":398,"column":2},"end":{"line":409,"column":3}},"105":{"start":{"line":399,"column":4},"end":{"line":405,"column":7}},"106":{"start":{"line":400,"column":8},"end":{"line":404,"column":11}},"107":{"start":{"line":411,"column":2},"end":{"line":411,"column":47}},"108":{"start":{"line":414,"column":0},"end":{"line":475,"column":3}},"109":{"start":{"line":415,"column":18},"end":{"line":415,"column":45}},"110":{"start":{"line":416,"column":34},"end":{"line":416,"column":42}},"111":{"start":{"line":419,"column":2},"end":{"line":474,"column":3}},"112":{"start":{"line":420,"column":4},"end":{"line":469,"column":5}},"113":{"start":{"line":421,"column":6},"end":{"line":431,"column":9}},"114":{"start":{"line":422,"column":8},"end":{"line":430,"column":10}},"115":{"start":{"line":428,"column":12},"end":{"line":428,"column":28}},"116":{"start":{"line":433,"column":6},"end":{"line":443,"column":9}},"117":{"start":{"line":434,"column":8},"end":{"line":442,"column":10}},"118":{"start":{"line":440,"column":12},"end":{"line":440,"column":28}},"119":{"start":{"line":445,"column":11},"end":{"line":469,"column":5}},"120":{"start":{"line":446,"column":6},"end":{"line":456,"column":9}},"121":{"start":{"line":447,"column":8},"end":{"line":455,"column":10}},"122":{"start":{"line":453,"column":12},"end":{"line":453,"column":28}},"123":{"start":{"line":458,"column":6},"end":{"line":468,"column":9}},"124":{"start":{"line":459,"column":8},"end":{"line":467,"column":10}},"125":{"start":{"line":465,"column":12},"end":{"line":465,"column":28}},"126":{"start":{"line":470,"column":4},"end":{"line":470,"column":43}},"127":{"start":{"line":472,"column":4},"end":{"line":472,"column":53}},"128":{"start":{"line":473,"column":4},"end":{"line":473,"column":71}},"129":{"start":{"line":479,"column":0},"end":{"line":498,"column":3}},"130":{"start":{"line":480,"column":17},"end":{"line":480,"column":40}},"131":{"start":{"line":481,"column":2},"end":{"line":497,"column":3}},"132":{"start":{"line":482,"column":4},"end":{"line":488,"column":7}},"133":{"start":{"line":483,"column":8},"end":{"line":487,"column":11}},"134":{"start":{"line":490,"column":4},"end":{"line":490,"column":60}},"135":{"start":{"line":491,"column":4},"end":{"line":491,"column":55}},"136":{"start":{"line":496,"column":4},"end":{"line":496,"column":76}},"137":{"start":{"line":501,"column":0},"end":{"line":521,"column":3}},"138":{"start":{"line":502,"column":18},"end":{"line":502,"column":41}},"139":{"start":{"line":504,"column":2},"end":{"line":520,"column":3}},"140":{"start":{"line":505,"column":4},"end":{"line":511,"column":7}},"141":{"start":{"line":506,"column":8},"end":{"line":510,"column":11}},"142":{"start":{"line":513,"column":4},"end":{"line":513,"column":60}},"143":{"start":{"line":514,"column":4},"end":{"line":514,"column":55}},"144":{"start":{"line":519,"column":4},"end":{"line":519,"column":76}},"145":{"start":{"line":526,"column":0},"end":{"line":530,"column":3}},"146":{"start":{"line":527,"column":2},"end":{"line":527,"column":22}},"147":{"start":{"line":528,"column":22},"end":{"line":528,"column":80}},"148":{"start":{"line":528,"column":45},"end":{"line":528,"column":79}},"149":{"start":{"line":529,"column":2},"end":{"line":529,"column":24}},"150":{"start":{"line":533,"column":0},"end":{"line":554,"column":3}},"151":{"start":{"line":534,"column":18},"end":{"line":534,"column":45}},"152":{"start":{"line":535,"column":2},"end":{"line":538,"column":5}},"153":{"start":{"line":537,"column":6},"end":{"line":537,"column":61}},"154":{"start":{"line":540,"column":26},"end":{"line":546,"column":2}},"155":{"start":{"line":541,"column":4},"end":{"line":545,"column":7}},"156":{"start":{"line":548,"column":2},"end":{"line":550,"column":3}},"157":{"start":{"line":549,"column":4},"end":{"line":549,"column":117}},"158":{"start":{"line":552,"column":2},"end":{"line":552,"column":16}},"159":{"start":{"line":553,"column":2},"end":{"line":553,"column":87}},"160":{"start":{"line":556,"column":0},"end":{"line":570,"column":3}},"161":{"start":{"line":557,"column":2},"end":{"line":569,"column":3}},"162":{"start":{"line":558,"column":27},"end":{"line":564,"column":6}},"163":{"start":{"line":559,"column":6},"end":{"line":563,"column":8}},"164":{"start":{"line":565,"column":4},"end":{"line":565,"column":41}},"165":{"start":{"line":567,"column":4},"end":{"line":567,"column":55}},"166":{"start":{"line":568,"column":4},"end":{"line":568,"column":70}},"167":{"start":{"line":573,"column":0},"end":{"line":611,"column":3}},"168":{"start":{"line":574,"column":2},"end":{"line":610,"column":3}},"169":{"start":{"line":576,"column":22},"end":{"line":581,"column":6}},"170":{"start":{"line":577,"column":6},"end":{"line":580,"column":8}},"171":{"start":{"line":578,"column":10},"end":{"line":579,"column":31}},"172":{"start":{"line":578,"column":19},"end":{"line":578,"column":31}},"173":{"start":{"line":579,"column":15},"end":{"line":579,"column":31}},"174":{"start":{"line":583,"column":27},"end":{"line":604,"column":5}},"175":{"start":{"line":585,"column":35},"end":{"line":597,"column":10}},"176":{"start":{"line":586,"column":10},"end":{"line":596,"column":12}},"177":{"start":{"line":593,"column":14},"end":{"line":594,"column":35}},"178":{"start":{"line":593,"column":23},"end":{"line":593,"column":35}},"179":{"start":{"line":594,"column":19},"end":{"line":594,"column":35}},"180":{"start":{"line":599,"column":8},"end":{"line":602,"column":10}},"181":{"start":{"line":606,"column":4},"end":{"line":606,"column":41}},"182":{"start":{"line":608,"column":4},"end":{"line":608,"column":55}},"183":{"start":{"line":609,"column":4},"end":{"line":609,"column":80}},"184":{"start":{"line":613,"column":0},"end":{"line":630,"column":3}},"185":{"start":{"line":614,"column":2},"end":{"line":629,"column":3}},"186":{"start":{"line":615,"column":26},"end":{"line":624,"column":6}},"187":{"start":{"line":616,"column":4},"end":{"line":623,"column":8}},"188":{"start":{"line":621,"column":8},"end":{"line":622,"column":29}},"189":{"start":{"line":621,"column":17},"end":{"line":621,"column":29}},"190":{"start":{"line":622,"column":13},"end":{"line":622,"column":29}},"191":{"start":{"line":625,"column":4},"end":{"line":625,"column":40}},"192":{"start":{"line":627,"column":4},"end":{"line":627,"column":59}},"193":{"start":{"line":628,"column":4},"end":{"line":628,"column":84}},"194":{"start":{"line":634,"column":0},"end":{"line":645,"column":3}},"195":{"start":{"line":635,"column":27},"end":{"line":635,"column":35}},"196":{"start":{"line":636,"column":23},"end":{"line":640,"column":3}},"197":{"start":{"line":648,"column":0},"end":{"line":651,"column":3}},"198":{"start":{"line":649,"column":21},"end":{"line":649,"column":68}},"199":{"start":{"line":649,"column":42},"end":{"line":649,"column":67}},"200":{"start":{"line":650,"column":2},"end":{"line":650,"column":23}},"201":{"start":{"line":655,"column":0},"end":{"line":710,"column":3}},"202":{"start":{"line":656,"column":15},"end":{"line":656,"column":76}},"203":{"start":{"line":656,"column":36},"end":{"line":656,"column":75}},"204":{"start":{"line":657,"column":2},"end":{"line":709,"column":3}},"205":{"start":{"line":660,"column":29},"end":{"line":667,"column":6}},"206":{"start":{"line":661,"column":6},"end":{"line":666,"column":9}},"207":{"start":{"line":662,"column":8},"end":{"line":665,"column":9}},"208":{"start":{"line":662,"column":16},"end":{"line":662,"column":28}},"209":{"start":{"line":664,"column":10},"end":{"line":664,"column":26}},"210":{"start":{"line":669,"column":31},"end":{"line":676,"column":6}},"211":{"start":{"line":670,"column":6},"end":{"line":675,"column":9}},"212":{"start":{"line":671,"column":8},"end":{"line":674,"column":9}},"213":{"start":{"line":671,"column":16},"end":{"line":671,"column":28}},"214":{"start":{"line":673,"column":10},"end":{"line":673,"column":26}},"215":{"start":{"line":678,"column":37},"end":{"line":685,"column":6}},"216":{"start":{"line":679,"column":6},"end":{"line":684,"column":9}},"217":{"start":{"line":680,"column":8},"end":{"line":683,"column":9}},"218":{"start":{"line":680,"column":16},"end":{"line":680,"column":28}},"219":{"start":{"line":682,"column":10},"end":{"line":682,"column":26}},"220":{"start":{"line":688,"column":4},"end":{"line":704,"column":9}},"221":{"start":{"line":690,"column":59},"end":{"line":690,"column":66}},"222":{"start":{"line":691,"column":27},"end":{"line":698,"column":9}},"223":{"start":{"line":693,"column":42},"end":{"line":693,"column":57}},"224":{"start":{"line":695,"column":25},"end":{"line":695,"column":50}},"225":{"start":{"line":696,"column":12},"end":{"line":696,"column":45}},"226":{"start":{"line":699,"column":8},"end":{"line":699,"column":29}},"227":{"start":{"line":702,"column":8},"end":{"line":702,"column":59}},"228":{"start":{"line":703,"column":8},"end":{"line":703,"column":54}},"229":{"start":{"line":713,"column":0},"end":{"line":828,"column":3}},"230":{"start":{"line":726,"column":6},"end":{"line":726,"column":14}},"231":{"start":{"line":728,"column":2},"end":{"line":734,"column":11}},"232":{"start":{"line":730,"column":10},"end":{"line":733,"column":11}},"233":{"start":{"line":730,"column":18},"end":{"line":730,"column":28}},"234":{"start":{"line":732,"column":12},"end":{"line":732,"column":48}},"235":{"start":{"line":736,"column":2},"end":{"line":762,"column":3}},"236":{"start":{"line":737,"column":4},"end":{"line":745,"column":7}},"237":{"start":{"line":738,"column":6},"end":{"line":744,"column":9}},"238":{"start":{"line":739,"column":8},"end":{"line":743,"column":9}},"239":{"start":{"line":739,"column":17},"end":{"line":739,"column":29}},"240":{"start":{"line":741,"column":10},"end":{"line":741,"column":43}},"241":{"start":{"line":742,"column":10},"end":{"line":742,"column":20}},"242":{"start":{"line":747,"column":24},"end":{"line":747,"column":59}},"243":{"start":{"line":748,"column":4},"end":{"line":758,"column":5}},"244":{"start":{"line":749,"column":6},"end":{"line":757,"column":9}},"245":{"start":{"line":750,"column":8},"end":{"line":756,"column":11}},"246":{"start":{"line":751,"column":10},"end":{"line":755,"column":11}},"247":{"start":{"line":751,"column":19},"end":{"line":751,"column":31}},"248":{"start":{"line":753,"column":12},"end":{"line":753,"column":45}},"249":{"start":{"line":754,"column":12},"end":{"line":754,"column":22}},"250":{"start":{"line":761,"column":6},"end":{"line":761,"column":50}},"251":{"start":{"line":764,"column":2},"end":{"line":791,"column":3}},"252":{"start":{"line":765,"column":4},"end":{"line":773,"column":7}},"253":{"start":{"line":766,"column":6},"end":{"line":772,"column":9}},"254":{"start":{"line":767,"column":8},"end":{"line":771,"column":9}},"255":{"start":{"line":767,"column":17},"end":{"line":767,"column":29}},"256":{"start":{"line":769,"column":10},"end":{"line":769,"column":49}},"257":{"start":{"line":770,"column":10},"end":{"line":770,"column":20}},"258":{"start":{"line":775,"column":30},"end":{"line":775,"column":77}},"259":{"start":{"line":776,"column":4},"end":{"line":787,"column":5}},"260":{"start":{"line":777,"column":6},"end":{"line":786,"column":9}},"261":{"start":{"line":778,"column":30},"end":{"line":778,"column":72}},"262":{"start":{"line":779,"column":8},"end":{"line":785,"column":11}},"263":{"start":{"line":780,"column":10},"end":{"line":784,"column":11}},"264":{"start":{"line":780,"column":18},"end":{"line":780,"column":28}},"265":{"start":{"line":782,"column":12},"end":{"line":782,"column":44}},"266":{"start":{"line":783,"column":12},"end":{"line":783,"column":22}},"267":{"start":{"line":790,"column":6},"end":{"line":790,"column":50}},"268":{"start":{"line":793,"column":15},"end":{"line":793,"column":59}},"269":{"start":{"line":793,"column":36},"end":{"line":793,"column":58}},"270":{"start":{"line":801,"column":2},"end":{"line":801,"column":68}},"271":{"start":{"line":802,"column":2},"end":{"line":802,"column":74}},"272":{"start":{"line":803,"column":2},"end":{"line":803,"column":82}},"273":{"start":{"line":804,"column":2},"end":{"line":804,"column":58}},"274":{"start":{"line":805,"column":2},"end":{"line":805,"column":62}},"275":{"start":{"line":806,"column":2},"end":{"line":806,"column":70}},"276":{"start":{"line":807,"column":2},"end":{"line":807,"column":86}},"277":{"start":{"line":808,"column":2},"end":{"line":808,"column":67}},"278":{"start":{"line":809,"column":2},"end":{"line":809,"column":91}},"279":{"start":{"line":812,"column":2},"end":{"line":825,"column":4}},"280":{"start":{"line":827,"column":2},"end":{"line":827,"column":82}},"281":{"start":{"line":834,"column":0},"end":{"line":852,"column":3}},"282":{"start":{"line":835,"column":17},"end":{"line":835,"column":40}},"283":{"start":{"line":838,"column":2},"end":{"line":851,"column":5}},"284":{"start":{"line":850,"column":6},"end":{"line":850,"column":46}},"285":{"start":{"line":855,"column":0},"end":{"line":886,"column":3}},"286":{"start":{"line":856,"column":17},"end":{"line":856,"column":40}},"287":{"start":{"line":857,"column":30},"end":{"line":857,"column":38}},"288":{"start":{"line":859,"column":2},"end":{"line":861,"column":3}},"289":{"start":{"line":860,"column":4},"end":{"line":860,"column":69}},"290":{"start":{"line":864,"column":2},"end":{"line":885,"column":5}},"291":{"start":{"line":869,"column":4},"end":{"line":871,"column":5}},"292":{"start":{"line":870,"column":6},"end":{"line":870,"column":65}},"293":{"start":{"line":874,"column":4},"end":{"line":884,"column":6}},"294":{"start":{"line":882,"column":8},"end":{"line":882,"column":68}},"295":{"start":{"line":889,"column":0},"end":{"line":931,"column":3}},"296":{"start":{"line":890,"column":17},"end":{"line":890,"column":40}},"297":{"start":{"line":891,"column":18},"end":{"line":891,"column":46}},"298":{"start":{"line":894,"column":2},"end":{"line":930,"column":5}},"299":{"start":{"line":899,"column":4},"end":{"line":901,"column":5}},"300":{"start":{"line":900,"column":6},"end":{"line":900,"column":65}},"301":{"start":{"line":904,"column":4},"end":{"line":929,"column":6}},"302":{"start":{"line":912,"column":8},"end":{"line":914,"column":9}},"303":{"start":{"line":913,"column":10},"end":{"line":913,"column":83}},"304":{"start":{"line":917,"column":8},"end":{"line":927,"column":10}},"305":{"start":{"line":925,"column":12},"end":{"line":925,"column":74}},"306":{"start":{"line":934,"column":0},"end":{"line":939,"column":3}},"307":{"start":{"line":935,"column":2},"end":{"line":937,"column":3}},"308":{"start":{"line":936,"column":4},"end":{"line":936,"column":64}},"309":{"start":{"line":938,"column":2},"end":{"line":938,"column":39}},"310":{"start":{"line":944,"column":2},"end":{"line":944,"column":21}},"311":{"start":{"line":945,"column":2},"end":{"line":945,"column":22}},"312":{"start":{"line":957,"column":0},"end":{"line":957,"column":56}}},"fnMap":{"0":{"name":"fetchUsers","decl":{"start":{"line":29,"column":15},"end":{"line":29,"column":25}},"loc":{"start":{"line":29,"column":28},"end":{"line":46,"column":1}},"line":29},"1":{"name":"(anonymous_1)","decl":{"start":{"line":31,"column":32},"end":{"line":31,"column":33}},"loc":{"start":{"line":31,"column":53},"end":{"line":37,"column":7}},"line":31},"2":{"name":"(anonymous_2)","decl":{"start":{"line":32,"column":46},"end":{"line":32,"column":47}},"loc":{"start":{"line":32,"column":68},"end":{"line":36,"column":11}},"line":32},"3":{"name":"(anonymous_3)","decl":{"start":{"line":40,"column":24},"end":{"line":40,"column":25}},"loc":{"start":{"line":40,"column":33},"end":{"line":40,"column":44}},"line":40},"4":{"name":"fetchEvents","decl":{"start":{"line":48,"column":15},"end":{"line":48,"column":26}},"loc":{"start":{"line":48,"column":28},"end":{"line":81,"column":1}},"line":48},"5":{"name":"(anonymous_5)","decl":{"start":{"line":50,"column":45},"end":{"line":50,"column":46}},"loc":{"start":{"line":50,"column":66},"end":{"line":56,"column":5}},"line":50},"6":{"name":"(anonymous_6)","decl":{"start":{"line":51,"column":42},"end":{"line":51,"column":43}},"loc":{"start":{"line":51,"column":63},"end":{"line":55,"column":7}},"line":51},"7":{"name":"(anonymous_7)","decl":{"start":{"line":60,"column":50},"end":{"line":60,"column":51}},"loc":{"start":{"line":60,"column":63},"end":{"line":73,"column":5}},"line":60},"8":{"name":"(anonymous_8)","decl":{"start":{"line":61,"column":47},"end":{"line":61,"column":48}},"loc":{"start":{"line":61,"column":67},"end":{"line":67,"column":7}},"line":61},"9":{"name":"(anonymous_9)","decl":{"start":{"line":62,"column":87},"end":{"line":62,"column":88}},"loc":{"start":{"line":62,"column":109},"end":{"line":66,"column":11}},"line":62},"10":{"name":"(anonymous_10)","decl":{"start":{"line":86,"column":22},"end":{"line":86,"column":23}},"loc":{"start":{"line":86,"column":34},"end":{"line":94,"column":1}},"line":86},"11":{"name":"(anonymous_11)","decl":{"start":{"line":98,"column":20},"end":{"line":98,"column":21}},"loc":{"start":{"line":98,"column":40},"end":{"line":103,"column":1}},"line":98},"12":{"name":"(anonymous_12)","decl":{"start":{"line":107,"column":26},"end":{"line":107,"column":27}},"loc":{"start":{"line":107,"column":40},"end":{"line":176,"column":1}},"line":107},"13":{"name":"(anonymous_13)","decl":{"start":{"line":111,"column":28},"end":{"line":111,"column":29}},"loc":{"start":{"line":111,"column":53},"end":{"line":175,"column":3}},"line":111},"14":{"name":"(anonymous_14)","decl":{"start":{"line":122,"column":10},"end":{"line":122,"column":11}},"loc":{"start":{"line":122,"column":32},"end":{"line":173,"column":11}},"line":122},"15":{"name":"(anonymous_15)","decl":{"start":{"line":139,"column":18},"end":{"line":139,"column":19}},"loc":{"start":{"line":139,"column":27},"end":{"line":171,"column":19}},"line":139},"16":{"name":"(anonymous_16)","decl":{"start":{"line":179,"column":23},"end":{"line":179,"column":24}},"loc":{"start":{"line":179,"column":42},"end":{"line":247,"column":1}},"line":179},"17":{"name":"(anonymous_17)","decl":{"start":{"line":198,"column":8},"end":{"line":198,"column":9}},"loc":{"start":{"line":198,"column":27},"end":{"line":245,"column":9}},"line":198},"18":{"name":"(anonymous_18)","decl":{"start":{"line":210,"column":52},"end":{"line":210,"column":53}},"loc":{"start":{"line":210,"column":70},"end":{"line":244,"column":13}},"line":210},"19":{"name":"(anonymous_19)","decl":{"start":{"line":249,"column":24},"end":{"line":249,"column":25}},"loc":{"start":{"line":249,"column":38},"end":{"line":254,"column":1}},"line":249},"20":{"name":"(anonymous_20)","decl":{"start":{"line":256,"column":43},"end":{"line":256,"column":44}},"loc":{"start":{"line":256,"column":57},"end":{"line":295,"column":1}},"line":256},"21":{"name":"(anonymous_21)","decl":{"start":{"line":273,"column":6},"end":{"line":273,"column":7}},"loc":{"start":{"line":273,"column":25},"end":{"line":293,"column":7}},"line":273},"22":{"name":"(anonymous_22)","decl":{"start":{"line":297,"column":36},"end":{"line":297,"column":37}},"loc":{"start":{"line":297,"column":50},"end":{"line":303,"column":1}},"line":297},"23":{"name":"(anonymous_23)","decl":{"start":{"line":311,"column":21},"end":{"line":311,"column":22}},"loc":{"start":{"line":311,"column":35},"end":{"line":313,"column":3}},"line":311},"24":{"name":"(anonymous_24)","decl":{"start":{"line":316,"column":22},"end":{"line":316,"column":23}},"loc":{"start":{"line":316,"column":36},"end":{"line":319,"column":1}},"line":316},"25":{"name":"(anonymous_25)","decl":{"start":{"line":321,"column":24},"end":{"line":321,"column":25}},"loc":{"start":{"line":321,"column":38},"end":{"line":360,"column":1}},"line":321},"26":{"name":"(anonymous_26)","decl":{"start":{"line":328,"column":75},"end":{"line":328,"column":76}},"loc":{"start":{"line":328,"column":96},"end":{"line":359,"column":5}},"line":328},"27":{"name":"(anonymous_27)","decl":{"start":{"line":362,"column":31},"end":{"line":362,"column":32}},"loc":{"start":{"line":362,"column":51},"end":{"line":394,"column":1}},"line":362},"28":{"name":"(anonymous_28)","decl":{"start":{"line":380,"column":36},"end":{"line":380,"column":37}},"loc":{"start":{"line":380,"column":54},"end":{"line":389,"column":5}},"line":380},"29":{"name":"(anonymous_29)","decl":{"start":{"line":396,"column":41},"end":{"line":396,"column":42}},"loc":{"start":{"line":396,"column":59},"end":{"line":412,"column":1}},"line":396},"30":{"name":"(anonymous_30)","decl":{"start":{"line":399,"column":40},"end":{"line":399,"column":41}},"loc":{"start":{"line":399,"column":61},"end":{"line":405,"column":5}},"line":399},"31":{"name":"(anonymous_31)","decl":{"start":{"line":400,"column":178},"end":{"line":400,"column":179}},"loc":{"start":{"line":400,"column":200},"end":{"line":404,"column":9}},"line":400},"32":{"name":"(anonymous_32)","decl":{"start":{"line":414,"column":39},"end":{"line":414,"column":40}},"loc":{"start":{"line":414,"column":59},"end":{"line":475,"column":1}},"line":414},"33":{"name":"(anonymous_33)","decl":{"start":{"line":421,"column":24},"end":{"line":421,"column":25}},"loc":{"start":{"line":421,"column":45},"end":{"line":431,"column":7}},"line":421},"34":{"name":"(anonymous_34)","decl":{"start":{"line":425,"column":10},"end":{"line":425,"column":11}},"loc":{"start":{"line":425,"column":27},"end":{"line":429,"column":11}},"line":425},"35":{"name":"(anonymous_35)","decl":{"start":{"line":433,"column":24},"end":{"line":433,"column":25}},"loc":{"start":{"line":433,"column":45},"end":{"line":443,"column":7}},"line":433},"36":{"name":"(anonymous_36)","decl":{"start":{"line":437,"column":10},"end":{"line":437,"column":11}},"loc":{"start":{"line":437,"column":27},"end":{"line":441,"column":11}},"line":437},"37":{"name":"(anonymous_37)","decl":{"start":{"line":446,"column":24},"end":{"line":446,"column":25}},"loc":{"start":{"line":446,"column":45},"end":{"line":456,"column":7}},"line":446},"38":{"name":"(anonymous_38)","decl":{"start":{"line":450,"column":10},"end":{"line":450,"column":11}},"loc":{"start":{"line":450,"column":27},"end":{"line":454,"column":11}},"line":450},"39":{"name":"(anonymous_39)","decl":{"start":{"line":458,"column":24},"end":{"line":458,"column":25}},"loc":{"start":{"line":458,"column":45},"end":{"line":468,"column":7}},"line":458},"40":{"name":"(anonymous_40)","decl":{"start":{"line":462,"column":10},"end":{"line":462,"column":11}},"loc":{"start":{"line":462,"column":27},"end":{"line":466,"column":11}},"line":462},"41":{"name":"(anonymous_41)","decl":{"start":{"line":479,"column":26},"end":{"line":479,"column":27}},"loc":{"start":{"line":479,"column":46},"end":{"line":498,"column":1}},"line":479},"42":{"name":"(anonymous_42)","decl":{"start":{"line":482,"column":34},"end":{"line":482,"column":35}},"loc":{"start":{"line":482,"column":55},"end":{"line":488,"column":5}},"line":482},"43":{"name":"(anonymous_43)","decl":{"start":{"line":483,"column":249},"end":{"line":483,"column":250}},"loc":{"start":{"line":483,"column":271},"end":{"line":487,"column":9}},"line":483},"44":{"name":"(anonymous_44)","decl":{"start":{"line":501,"column":27},"end":{"line":501,"column":28}},"loc":{"start":{"line":501,"column":45},"end":{"line":521,"column":1}},"line":501},"45":{"name":"(anonymous_45)","decl":{"start":{"line":505,"column":34},"end":{"line":505,"column":35}},"loc":{"start":{"line":505,"column":55},"end":{"line":511,"column":5}},"line":505},"46":{"name":"(anonymous_46)","decl":{"start":{"line":506,"column":88},"end":{"line":506,"column":89}},"loc":{"start":{"line":506,"column":110},"end":{"line":510,"column":9}},"line":506},"47":{"name":"(anonymous_47)","decl":{"start":{"line":526,"column":23},"end":{"line":526,"column":24}},"loc":{"start":{"line":526,"column":42},"end":{"line":530,"column":1}},"line":526},"48":{"name":"(anonymous_48)","decl":{"start":{"line":528,"column":36},"end":{"line":528,"column":37}},"loc":{"start":{"line":528,"column":45},"end":{"line":528,"column":79}},"line":528},"49":{"name":"(anonymous_49)","decl":{"start":{"line":533,"column":30},"end":{"line":533,"column":31}},"loc":{"start":{"line":533,"column":50},"end":{"line":554,"column":1}},"line":533},"50":{"name":"(anonymous_50)","decl":{"start":{"line":536,"column":28},"end":{"line":536,"column":29}},"loc":{"start":{"line":536,"column":49},"end":{"line":538,"column":3}},"line":536},"51":{"name":"(anonymous_51)","decl":{"start":{"line":540,"column":44},"end":{"line":540,"column":45}},"loc":{"start":{"line":540,"column":65},"end":{"line":546,"column":1}},"line":540},"52":{"name":"(anonymous_52)","decl":{"start":{"line":541,"column":152},"end":{"line":541,"column":153}},"loc":{"start":{"line":541,"column":174},"end":{"line":545,"column":5}},"line":541},"53":{"name":"(anonymous_53)","decl":{"start":{"line":556,"column":25},"end":{"line":556,"column":26}},"loc":{"start":{"line":556,"column":44},"end":{"line":570,"column":1}},"line":556},"54":{"name":"(anonymous_54)","decl":{"start":{"line":558,"column":45},"end":{"line":558,"column":46}},"loc":{"start":{"line":558,"column":66},"end":{"line":564,"column":5}},"line":558},"55":{"name":"(anonymous_55)","decl":{"start":{"line":559,"column":172},"end":{"line":559,"column":173}},"loc":{"start":{"line":559,"column":194},"end":{"line":563,"column":7}},"line":559},"56":{"name":"(anonymous_56)","decl":{"start":{"line":573,"column":31},"end":{"line":573,"column":32}},"loc":{"start":{"line":573,"column":49},"end":{"line":611,"column":1}},"line":573},"57":{"name":"(anonymous_57)","decl":{"start":{"line":576,"column":40},"end":{"line":576,"column":41}},"loc":{"start":{"line":576,"column":61},"end":{"line":581,"column":5}},"line":576},"58":{"name":"(anonymous_58)","decl":{"start":{"line":577,"column":43},"end":{"line":577,"column":44}},"loc":{"start":{"line":577,"column":65},"end":{"line":580,"column":7}},"line":577},"59":{"name":"(anonymous_59)","decl":{"start":{"line":584,"column":20},"end":{"line":584,"column":21}},"loc":{"start":{"line":584,"column":37},"end":{"line":603,"column":7}},"line":584},"60":{"name":"(anonymous_60)","decl":{"start":{"line":585,"column":53},"end":{"line":585,"column":54}},"loc":{"start":{"line":585,"column":74},"end":{"line":597,"column":9}},"line":585},"61":{"name":"(anonymous_61)","decl":{"start":{"line":592,"column":12},"end":{"line":592,"column":13}},"loc":{"start":{"line":592,"column":29},"end":{"line":595,"column":13}},"line":592},"62":{"name":"(anonymous_62)","decl":{"start":{"line":613,"column":41},"end":{"line":613,"column":42}},"loc":{"start":{"line":613,"column":59},"end":{"line":630,"column":1}},"line":613},"63":{"name":"(anonymous_63)","decl":{"start":{"line":615,"column":44},"end":{"line":615,"column":45}},"loc":{"start":{"line":615,"column":65},"end":{"line":624,"column":5}},"line":615},"64":{"name":"(anonymous_64)","decl":{"start":{"line":620,"column":69},"end":{"line":620,"column":70}},"loc":{"start":{"line":620,"column":91},"end":{"line":623,"column":7}},"line":620},"65":{"name":"(anonymous_65)","decl":{"start":{"line":634,"column":28},"end":{"line":634,"column":29}},"loc":{"start":{"line":634,"column":42},"end":{"line":645,"column":1}},"line":634},"66":{"name":"(anonymous_66)","decl":{"start":{"line":648,"column":27},"end":{"line":648,"column":28}},"loc":{"start":{"line":648,"column":41},"end":{"line":651,"column":1}},"line":648},"67":{"name":"(anonymous_67)","decl":{"start":{"line":649,"column":34},"end":{"line":649,"column":35}},"loc":{"start":{"line":649,"column":42},"end":{"line":649,"column":67}},"line":649},"68":{"name":"(anonymous_68)","decl":{"start":{"line":655,"column":28},"end":{"line":655,"column":29}},"loc":{"start":{"line":655,"column":42},"end":{"line":710,"column":1}},"line":655},"69":{"name":"(anonymous_69)","decl":{"start":{"line":656,"column":26},"end":{"line":656,"column":27}},"loc":{"start":{"line":656,"column":36},"end":{"line":656,"column":75}},"line":656},"70":{"name":"(anonymous_70)","decl":{"start":{"line":660,"column":41},"end":{"line":660,"column":42}},"loc":{"start":{"line":660,"column":62},"end":{"line":667,"column":5}},"line":660},"71":{"name":"(anonymous_71)","decl":{"start":{"line":661,"column":78},"end":{"line":661,"column":79}},"loc":{"start":{"line":661,"column":100},"end":{"line":666,"column":7}},"line":661},"72":{"name":"(anonymous_72)","decl":{"start":{"line":669,"column":43},"end":{"line":669,"column":44}},"loc":{"start":{"line":669,"column":64},"end":{"line":676,"column":5}},"line":669},"73":{"name":"(anonymous_73)","decl":{"start":{"line":670,"column":85},"end":{"line":670,"column":86}},"loc":{"start":{"line":670,"column":106},"end":{"line":675,"column":7}},"line":670},"74":{"name":"(anonymous_74)","decl":{"start":{"line":678,"column":49},"end":{"line":678,"column":50}},"loc":{"start":{"line":678,"column":70},"end":{"line":685,"column":5}},"line":678},"75":{"name":"(anonymous_75)","decl":{"start":{"line":679,"column":91},"end":{"line":679,"column":92}},"loc":{"start":{"line":679,"column":112},"end":{"line":684,"column":7}},"line":679},"76":{"name":"(anonymous_76)","decl":{"start":{"line":689,"column":12},"end":{"line":689,"column":13}},"loc":{"start":{"line":689,"column":25},"end":{"line":700,"column":7}},"line":689},"77":{"name":"(anonymous_77)","decl":{"start":{"line":693,"column":33},"end":{"line":693,"column":34}},"loc":{"start":{"line":693,"column":42},"end":{"line":693,"column":57}},"line":693},"78":{"name":"(anonymous_78)","decl":{"start":{"line":694,"column":45},"end":{"line":694,"column":46}},"loc":{"start":{"line":694,"column":54},"end":{"line":697,"column":11}},"line":694},"79":{"name":"(anonymous_79)","decl":{"start":{"line":701,"column":13},"end":{"line":701,"column":14}},"loc":{"start":{"line":701,"column":21},"end":{"line":704,"column":7}},"line":701},"80":{"name":"(anonymous_80)","decl":{"start":{"line":713,"column":28},"end":{"line":713,"column":29}},"loc":{"start":{"line":713,"column":48},"end":{"line":828,"column":1}},"line":713},"81":{"name":"(anonymous_81)","decl":{"start":{"line":729,"column":83},"end":{"line":729,"column":84}},"loc":{"start":{"line":729,"column":96},"end":{"line":734,"column":9}},"line":729},"82":{"name":"(anonymous_82)","decl":{"start":{"line":737,"column":22},"end":{"line":737,"column":23}},"loc":{"start":{"line":737,"column":43},"end":{"line":745,"column":5}},"line":737},"83":{"name":"(anonymous_83)","decl":{"start":{"line":738,"column":68},"end":{"line":738,"column":69}},"loc":{"start":{"line":738,"column":82},"end":{"line":744,"column":7}},"line":738},"84":{"name":"(anonymous_84)","decl":{"start":{"line":749,"column":24},"end":{"line":749,"column":25}},"loc":{"start":{"line":749,"column":45},"end":{"line":757,"column":7}},"line":749},"85":{"name":"(anonymous_85)","decl":{"start":{"line":750,"column":94},"end":{"line":750,"column":95}},"loc":{"start":{"line":750,"column":108},"end":{"line":756,"column":9}},"line":750},"86":{"name":"(anonymous_86)","decl":{"start":{"line":765,"column":22},"end":{"line":765,"column":23}},"loc":{"start":{"line":765,"column":43},"end":{"line":773,"column":5}},"line":765},"87":{"name":"(anonymous_87)","decl":{"start":{"line":766,"column":74},"end":{"line":766,"column":75}},"loc":{"start":{"line":766,"column":87},"end":{"line":772,"column":7}},"line":766},"88":{"name":"(anonymous_88)","decl":{"start":{"line":777,"column":24},"end":{"line":777,"column":25}},"loc":{"start":{"line":777,"column":45},"end":{"line":786,"column":7}},"line":777},"89":{"name":"(anonymous_89)","decl":{"start":{"line":779,"column":107},"end":{"line":779,"column":108}},"loc":{"start":{"line":779,"column":120},"end":{"line":785,"column":9}},"line":779},"90":{"name":"(anonymous_90)","decl":{"start":{"line":793,"column":26},"end":{"line":793,"column":27}},"loc":{"start":{"line":793,"column":36},"end":{"line":793,"column":58}},"line":793},"91":{"name":"(anonymous_91)","decl":{"start":{"line":834,"column":38},"end":{"line":834,"column":39}},"loc":{"start":{"line":834,"column":52},"end":{"line":852,"column":1}},"line":834},"92":{"name":"(anonymous_92)","decl":{"start":{"line":845,"column":15},"end":{"line":845,"column":16}},"loc":{"start":{"line":845,"column":33},"end":{"line":851,"column":3}},"line":845},"93":{"name":"(anonymous_93)","decl":{"start":{"line":855,"column":39},"end":{"line":855,"column":40}},"loc":{"start":{"line":855,"column":53},"end":{"line":886,"column":1}},"line":855},"94":{"name":"(anonymous_94)","decl":{"start":{"line":864,"column":67},"end":{"line":864,"column":68}},"loc":{"start":{"line":864,"column":84},"end":{"line":885,"column":3}},"line":864},"95":{"name":"(anonymous_95)","decl":{"start":{"line":877,"column":6},"end":{"line":877,"column":7}},"loc":{"start":{"line":877,"column":15},"end":{"line":883,"column":7}},"line":877},"96":{"name":"(anonymous_96)","decl":{"start":{"line":889,"column":50},"end":{"line":889,"column":51}},"loc":{"start":{"line":889,"column":64},"end":{"line":931,"column":1}},"line":889},"97":{"name":"(anonymous_97)","decl":{"start":{"line":894,"column":67},"end":{"line":894,"column":68}},"loc":{"start":{"line":894,"column":84},"end":{"line":930,"column":3}},"line":894},"98":{"name":"(anonymous_98)","decl":{"start":{"line":907,"column":6},"end":{"line":907,"column":7}},"loc":{"start":{"line":907,"column":23},"end":{"line":928,"column":7}},"line":907},"99":{"name":"(anonymous_99)","decl":{"start":{"line":920,"column":10},"end":{"line":920,"column":11}},"loc":{"start":{"line":920,"column":19},"end":{"line":926,"column":11}},"line":920},"100":{"name":"(anonymous_100)","decl":{"start":{"line":934,"column":27},"end":{"line":934,"column":28}},"loc":{"start":{"line":934,"column":41},"end":{"line":939,"column":1}},"line":934},"101":{"name":"init","decl":{"start":{"line":943,"column":15},"end":{"line":943,"column":19}},"loc":{"start":{"line":943,"column":22},"end":{"line":946,"column":1}},"line":943}},"branchMap":{"0":{"loc":{"start":{"line":18,"column":12},"end":{"line":18,"column":60}},"type":"binary-expr","locations":[{"start":{"line":18,"column":12},"end":{"line":18,"column":38}},{"start":{"line":18,"column":42},"end":{"line":18,"column":60}}],"line":18},"1":{"loc":{"start":{"line":99,"column":2},"end":{"line":101,"column":3}},"type":"if","locations":[{"start":{"line":99,"column":2},"end":{"line":101,"column":3}},{"start":{},"end":{}}],"line":99},"2":{"loc":{"start":{"line":99,"column":6},"end":{"line":99,"column":39}},"type":"binary-expr","locations":[{"start":{"line":99,"column":6},"end":{"line":99,"column":18}},{"start":{"line":99,"column":22},"end":{"line":99,"column":39}}],"line":99},"3":{"loc":{"start":{"line":108,"column":27},"end":{"line":108,"column":45}},"type":"default-arg","locations":[{"start":{"line":108,"column":34},"end":{"line":108,"column":45}}],"line":108},"4":{"loc":{"start":{"line":123,"column":14},"end":{"line":131,"column":15}},"type":"if","locations":[{"start":{"line":123,"column":14},"end":{"line":131,"column":15}},{"start":{},"end":{}}],"line":123},"5":{"loc":{"start":{"line":183,"column":4},"end":{"line":185,"column":5}},"type":"if","locations":[{"start":{"line":183,"column":4},"end":{"line":185,"column":5}},{"start":{},"end":{}}],"line":183},"6":{"loc":{"start":{"line":186,"column":4},"end":{"line":188,"column":5}},"type":"if","locations":[{"start":{"line":186,"column":4},"end":{"line":188,"column":5}},{"start":{},"end":{}}],"line":186},"7":{"loc":{"start":{"line":205,"column":12},"end":{"line":207,"column":13}},"type":"if","locations":[{"start":{"line":205,"column":12},"end":{"line":207,"column":13}},{"start":{},"end":{}}],"line":205},"8":{"loc":{"start":{"line":205,"column":16},"end":{"line":205,"column":50}},"type":"binary-expr","locations":[{"start":{"line":205,"column":16},"end":{"line":205,"column":25}},{"start":{"line":205,"column":29},"end":{"line":205,"column":50}}],"line":205},"9":{"loc":{"start":{"line":211,"column":16},"end":{"line":214,"column":17}},"type":"if","locations":[{"start":{"line":211,"column":16},"end":{"line":214,"column":17}},{"start":{},"end":{}}],"line":211},"10":{"loc":{"start":{"line":216,"column":16},"end":{"line":218,"column":17}},"type":"if","locations":[{"start":{"line":216,"column":16},"end":{"line":218,"column":17}},{"start":{},"end":{}}],"line":216},"11":{"loc":{"start":{"line":225,"column":30},"end":{"line":225,"column":49}},"type":"binary-expr","locations":[{"start":{"line":225,"column":30},"end":{"line":225,"column":43}},{"start":{"line":225,"column":47},"end":{"line":225,"column":49}}],"line":225},"12":{"loc":{"start":{"line":227,"column":31},"end":{"line":227,"column":53}},"type":"binary-expr","locations":[{"start":{"line":227,"column":31},"end":{"line":227,"column":47}},{"start":{"line":227,"column":51},"end":{"line":227,"column":53}}],"line":227},"13":{"loc":{"start":{"line":228,"column":31},"end":{"line":228,"column":54}},"type":"binary-expr","locations":[{"start":{"line":228,"column":31},"end":{"line":228,"column":48}},{"start":{"line":228,"column":52},"end":{"line":228,"column":54}}],"line":228},"14":{"loc":{"start":{"line":229,"column":30},"end":{"line":229,"column":45}},"type":"binary-expr","locations":[{"start":{"line":229,"column":30},"end":{"line":229,"column":39}},{"start":{"line":229,"column":43},"end":{"line":229,"column":45}}],"line":229},"15":{"loc":{"start":{"line":230,"column":31},"end":{"line":230,"column":47}},"type":"binary-expr","locations":[{"start":{"line":230,"column":31},"end":{"line":230,"column":41}},{"start":{"line":230,"column":45},"end":{"line":230,"column":47}}],"line":230},"16":{"loc":{"start":{"line":231,"column":29},"end":{"line":231,"column":47}},"type":"binary-expr","locations":[{"start":{"line":231,"column":29},"end":{"line":231,"column":41}},{"start":{"line":231,"column":45},"end":{"line":231,"column":47}}],"line":231},"17":{"loc":{"start":{"line":259,"column":2},"end":{"line":261,"column":3}},"type":"if","locations":[{"start":{"line":259,"column":2},"end":{"line":261,"column":3}},{"start":{},"end":{}}],"line":259},"18":{"loc":{"start":{"line":274,"column":10},"end":{"line":277,"column":11}},"type":"if","locations":[{"start":{"line":274,"column":10},"end":{"line":277,"column":11}},{"start":{},"end":{}}],"line":274},"19":{"loc":{"start":{"line":279,"column":10},"end":{"line":281,"column":11}},"type":"if","locations":[{"start":{"line":279,"column":10},"end":{"line":281,"column":11}},{"start":{},"end":{}}],"line":279},"20":{"loc":{"start":{"line":279,"column":14},"end":{"line":279,"column":48}},"type":"binary-expr","locations":[{"start":{"line":279,"column":14},"end":{"line":279,"column":23}},{"start":{"line":279,"column":27},"end":{"line":279,"column":48}}],"line":279},"21":{"loc":{"start":{"line":290,"column":24},"end":{"line":290,"column":45}},"type":"binary-expr","locations":[{"start":{"line":290,"column":24},"end":{"line":290,"column":39}},{"start":{"line":290,"column":43},"end":{"line":290,"column":45}}],"line":290},"22":{"loc":{"start":{"line":298,"column":2},"end":{"line":302,"column":3}},"type":"if","locations":[{"start":{"line":298,"column":2},"end":{"line":302,"column":3}},{"start":{"line":300,"column":9},"end":{"line":302,"column":3}}],"line":298},"23":{"loc":{"start":{"line":323,"column":4},"end":{"line":325,"column":5}},"type":"if","locations":[{"start":{"line":323,"column":4},"end":{"line":325,"column":5}},{"start":{},"end":{}}],"line":323},"24":{"loc":{"start":{"line":323,"column":8},"end":{"line":323,"column":93}},"type":"binary-expr","locations":[{"start":{"line":323,"column":8},"end":{"line":323,"column":13}},{"start":{"line":323,"column":17},"end":{"line":323,"column":26}},{"start":{"line":323,"column":30},"end":{"line":323,"column":36}},{"start":{"line":323,"column":40},"end":{"line":323,"column":55}},{"start":{"line":323,"column":59},"end":{"line":323,"column":72}},{"start":{"line":323,"column":76},"end":{"line":323,"column":81}},{"start":{"line":323,"column":85},"end":{"line":323,"column":93}}],"line":323},"25":{"loc":{"start":{"line":381,"column":6},"end":{"line":385,"column":7}},"type":"if","locations":[{"start":{"line":381,"column":6},"end":{"line":385,"column":7}},{"start":{},"end":{}}],"line":381},"26":{"loc":{"start":{"line":420,"column":4},"end":{"line":469,"column":5}},"type":"if","locations":[{"start":{"line":420,"column":4},"end":{"line":469,"column":5}},{"start":{"line":445,"column":11},"end":{"line":469,"column":5}}],"line":420},"27":{"loc":{"start":{"line":445,"column":11},"end":{"line":469,"column":5}},"type":"if","locations":[{"start":{"line":445,"column":11},"end":{"line":469,"column":5}},{"start":{},"end":{}}],"line":445},"28":{"loc":{"start":{"line":578,"column":10},"end":{"line":579,"column":31}},"type":"if","locations":[{"start":{"line":578,"column":10},"end":{"line":579,"column":31}},{"start":{"line":579,"column":15},"end":{"line":579,"column":31}}],"line":578},"29":{"loc":{"start":{"line":593,"column":14},"end":{"line":594,"column":35}},"type":"if","locations":[{"start":{"line":593,"column":14},"end":{"line":594,"column":35}},{"start":{"line":594,"column":19},"end":{"line":594,"column":35}}],"line":593},"30":{"loc":{"start":{"line":621,"column":8},"end":{"line":622,"column":29}},"type":"if","locations":[{"start":{"line":621,"column":8},"end":{"line":622,"column":29}},{"start":{"line":622,"column":13},"end":{"line":622,"column":29}}],"line":621},"31":{"loc":{"start":{"line":657,"column":2},"end":{"line":709,"column":3}},"type":"if","locations":[{"start":{"line":657,"column":2},"end":{"line":709,"column":3}},{"start":{"line":706,"column":9},"end":{"line":709,"column":3}}],"line":657},"32":{"loc":{"start":{"line":662,"column":8},"end":{"line":665,"column":9}},"type":"if","locations":[{"start":{"line":662,"column":8},"end":{"line":665,"column":9}},{"start":{"line":663,"column":12},"end":{"line":665,"column":9}}],"line":662},"33":{"loc":{"start":{"line":671,"column":8},"end":{"line":674,"column":9}},"type":"if","locations":[{"start":{"line":671,"column":8},"end":{"line":674,"column":9}},{"start":{"line":672,"column":12},"end":{"line":674,"column":9}}],"line":671},"34":{"loc":{"start":{"line":680,"column":8},"end":{"line":683,"column":9}},"type":"if","locations":[{"start":{"line":680,"column":8},"end":{"line":683,"column":9}},{"start":{"line":681,"column":12},"end":{"line":683,"column":9}}],"line":680},"35":{"loc":{"start":{"line":730,"column":10},"end":{"line":733,"column":11}},"type":"if","locations":[{"start":{"line":730,"column":10},"end":{"line":733,"column":11}},{"start":{"line":731,"column":14},"end":{"line":733,"column":11}}],"line":730},"36":{"loc":{"start":{"line":739,"column":8},"end":{"line":743,"column":9}},"type":"if","locations":[{"start":{"line":739,"column":8},"end":{"line":743,"column":9}},{"start":{"line":740,"column":13},"end":{"line":743,"column":9}}],"line":739},"37":{"loc":{"start":{"line":747,"column":24},"end":{"line":747,"column":59}},"type":"cond-expr","locations":[{"start":{"line":747,"column":48},"end":{"line":747,"column":54}},{"start":{"line":747,"column":57},"end":{"line":747,"column":59}}],"line":747},"38":{"loc":{"start":{"line":751,"column":10},"end":{"line":755,"column":11}},"type":"if","locations":[{"start":{"line":751,"column":10},"end":{"line":755,"column":11}},{"start":{"line":752,"column":15},"end":{"line":755,"column":11}}],"line":751},"39":{"loc":{"start":{"line":767,"column":8},"end":{"line":771,"column":9}},"type":"if","locations":[{"start":{"line":767,"column":8},"end":{"line":771,"column":9}},{"start":{"line":768,"column":13},"end":{"line":771,"column":9}}],"line":767},"40":{"loc":{"start":{"line":775,"column":30},"end":{"line":775,"column":77}},"type":"cond-expr","locations":[{"start":{"line":775,"column":60},"end":{"line":775,"column":72}},{"start":{"line":775,"column":75},"end":{"line":775,"column":77}}],"line":775},"41":{"loc":{"start":{"line":780,"column":10},"end":{"line":784,"column":11}},"type":"if","locations":[{"start":{"line":780,"column":10},"end":{"line":784,"column":11}},{"start":{"line":781,"column":14},"end":{"line":784,"column":11}}],"line":780},"42":{"loc":{"start":{"line":801,"column":18},"end":{"line":801,"column":67}},"type":"cond-expr","locations":[{"start":{"line":801,"column":43},"end":{"line":801,"column":51}},{"start":{"line":801,"column":54},"end":{"line":801,"column":67}}],"line":801},"43":{"loc":{"start":{"line":802,"column":21},"end":{"line":802,"column":73}},"type":"cond-expr","locations":[{"start":{"line":802,"column":46},"end":{"line":802,"column":54}},{"start":{"line":802,"column":57},"end":{"line":802,"column":73}}],"line":802},"44":{"loc":{"start":{"line":803,"column":22},"end":{"line":803,"column":81}},"type":"cond-expr","locations":[{"start":{"line":803,"column":47},"end":{"line":803,"column":55}},{"start":{"line":803,"column":58},"end":{"line":803,"column":81}}],"line":803},"45":{"loc":{"start":{"line":803,"column":58},"end":{"line":803,"column":81}},"type":"binary-expr","locations":[{"start":{"line":803,"column":58},"end":{"line":803,"column":75}},{"start":{"line":803,"column":79},"end":{"line":803,"column":81}}],"line":803},"46":{"loc":{"start":{"line":804,"column":14},"end":{"line":804,"column":57}},"type":"cond-expr","locations":[{"start":{"line":804,"column":35},"end":{"line":804,"column":39}},{"start":{"line":804,"column":42},"end":{"line":804,"column":57}}],"line":804},"47":{"loc":{"start":{"line":804,"column":42},"end":{"line":804,"column":57}},"type":"binary-expr","locations":[{"start":{"line":804,"column":42},"end":{"line":804,"column":51}},{"start":{"line":804,"column":55},"end":{"line":804,"column":57}}],"line":804},"48":{"loc":{"start":{"line":805,"column":15},"end":{"line":805,"column":61}},"type":"cond-expr","locations":[{"start":{"line":805,"column":37},"end":{"line":805,"column":42}},{"start":{"line":805,"column":45},"end":{"line":805,"column":61}}],"line":805},"49":{"loc":{"start":{"line":805,"column":45},"end":{"line":805,"column":61}},"type":"binary-expr","locations":[{"start":{"line":805,"column":45},"end":{"line":805,"column":55}},{"start":{"line":805,"column":59},"end":{"line":805,"column":61}}],"line":805},"50":{"loc":{"start":{"line":806,"column":17},"end":{"line":806,"column":69}},"type":"cond-expr","locations":[{"start":{"line":806,"column":41},"end":{"line":806,"column":48}},{"start":{"line":806,"column":51},"end":{"line":806,"column":69}}],"line":806},"51":{"loc":{"start":{"line":806,"column":51},"end":{"line":806,"column":69}},"type":"binary-expr","locations":[{"start":{"line":806,"column":51},"end":{"line":806,"column":63}},{"start":{"line":806,"column":67},"end":{"line":806,"column":69}}],"line":806},"52":{"loc":{"start":{"line":807,"column":21},"end":{"line":807,"column":85}},"type":"cond-expr","locations":[{"start":{"line":807,"column":49},"end":{"line":807,"column":60}},{"start":{"line":807,"column":63},"end":{"line":807,"column":85}}],"line":807},"53":{"loc":{"start":{"line":807,"column":63},"end":{"line":807,"column":85}},"type":"binary-expr","locations":[{"start":{"line":807,"column":63},"end":{"line":807,"column":79}},{"start":{"line":807,"column":83},"end":{"line":807,"column":85}}],"line":807},"54":{"loc":{"start":{"line":808,"column":16},"end":{"line":808,"column":66}},"type":"cond-expr","locations":[{"start":{"line":808,"column":40},"end":{"line":808,"column":46}},{"start":{"line":808,"column":49},"end":{"line":808,"column":66}}],"line":808},"55":{"loc":{"start":{"line":808,"column":49},"end":{"line":808,"column":66}},"type":"binary-expr","locations":[{"start":{"line":808,"column":49},"end":{"line":808,"column":60}},{"start":{"line":808,"column":64},"end":{"line":808,"column":66}}],"line":808},"56":{"loc":{"start":{"line":809,"column":22},"end":{"line":809,"column":90}},"type":"cond-expr","locations":[{"start":{"line":809,"column":52},"end":{"line":809,"column":64}},{"start":{"line":809,"column":67},"end":{"line":809,"column":90}}],"line":809},"57":{"loc":{"start":{"line":809,"column":67},"end":{"line":809,"column":90}},"type":"binary-expr","locations":[{"start":{"line":809,"column":67},"end":{"line":809,"column":84}},{"start":{"line":809,"column":88},"end":{"line":809,"column":90}}],"line":809},"58":{"loc":{"start":{"line":822,"column":12},"end":{"line":822,"column":29}},"type":"binary-expr","locations":[{"start":{"line":822,"column":12},"end":{"line":822,"column":23}},{"start":{"line":822,"column":27},"end":{"line":822,"column":29}}],"line":822},"59":{"loc":{"start":{"line":823,"column":22},"end":{"line":823,"column":49}},"type":"binary-expr","locations":[{"start":{"line":823,"column":22},"end":{"line":823,"column":43}},{"start":{"line":823,"column":47},"end":{"line":823,"column":49}}],"line":823},"60":{"loc":{"start":{"line":824,"column":19},"end":{"line":824,"column":43}},"type":"binary-expr","locations":[{"start":{"line":824,"column":19},"end":{"line":824,"column":37}},{"start":{"line":824,"column":41},"end":{"line":824,"column":43}}],"line":824},"61":{"loc":{"start":{"line":859,"column":2},"end":{"line":861,"column":3}},"type":"if","locations":[{"start":{"line":859,"column":2},"end":{"line":861,"column":3}},{"start":{},"end":{}}],"line":859},"62":{"loc":{"start":{"line":869,"column":4},"end":{"line":871,"column":5}},"type":"if","locations":[{"start":{"line":869,"column":4},"end":{"line":871,"column":5}},{"start":{},"end":{}}],"line":869},"63":{"loc":{"start":{"line":899,"column":4},"end":{"line":901,"column":5}},"type":"if","locations":[{"start":{"line":899,"column":4},"end":{"line":901,"column":5}},{"start":{},"end":{}}],"line":899},"64":{"loc":{"start":{"line":912,"column":8},"end":{"line":914,"column":9}},"type":"if","locations":[{"start":{"line":912,"column":8},"end":{"line":914,"column":9}},{"start":{},"end":{}}],"line":912},"65":{"loc":{"start":{"line":935,"column":2},"end":{"line":937,"column":3}},"type":"if","locations":[{"start":{"line":935,"column":2},"end":{"line":937,"column":3}},{"start":{},"end":{}}],"line":935}},"s":{"0":1,"1":1,"2":1,"3":1,"4":1,"5":1,"6":1,"7":1,"8":1,"9":1,"10":1,"11":1,"12":17,"13":17,"14":17,"15":17,"16":17,"17":38,"18":2,"19":2,"20":2,"21":2,"22":2,"23":2,"24":2,"25":2,"26":2,"27":1,"28":1,"29":3,"30":1,"31":2,"32":1,"33":3,"34":3,"35":3,"36":3,"37":0,"38":2,"39":2,"40":2,"41":2,"42":1,"43":13,"44":13,"45":13,"46":1,"47":12,"48":1,"49":11,"50":11,"51":4,"52":7,"53":7,"54":7,"55":0,"56":0,"57":7,"58":1,"59":6,"60":6,"61":1,"62":11,"63":11,"64":1,"65":1,"66":1,"67":0,"68":1,"69":1,"70":1,"71":0,"72":0,"73":1,"74":0,"75":1,"76":1,"77":1,"78":1,"79":1,"80":1,"81":0,"82":1,"83":1,"84":1,"85":1,"86":1,"87":1,"88":2,"89":2,"90":1,"91":1,"92":1,"93":2,"94":2,"95":2,"96":2,"97":1,"98":1,"99":1,"100":0,"101":0,"102":1,"103":1,"104":1,"105":1,"106":1,"107":1,"108":1,"109":2,"110":2,"111":2,"112":2,"113":1,"114":1,"115":1,"116":1,"117":1,"118":1,"119":1,"120":1,"121":1,"122":1,"123":1,"124":1,"125":1,"126":2,"127":0,"128":0,"129":1,"130":1,"131":1,"132":1,"133":1,"134":1,"135":1,"136":0,"137":1,"138":1,"139":1,"140":1,"141":1,"142":1,"143":1,"144":0,"145":1,"146":1,"147":1,"148":0,"149":1,"150":1,"151":1,"152":1,"153":1,"154":1,"155":1,"156":1,"157":1,"158":1,"159":1,"160":1,"161":0,"162":0,"163":0,"164":0,"165":0,"166":0,"167":1,"168":0,"169":0,"170":0,"171":0,"172":0,"173":0,"174":0,"175":0,"176":0,"177":0,"178":0,"179":0,"180":0,"181":0,"182":0,"183":0,"184":1,"185":0,"186":0,"187":0,"188":0,"189":0,"190":0,"191":0,"192":0,"193":0,"194":1,"195":0,"196":0,"197":1,"198":1,"199":2,"200":1,"201":1,"202":3,"203":10,"204":3,"205":2,"206":2,"207":2,"208":0,"209":2,"210":2,"211":2,"212":2,"213":0,"214":2,"215":2,"216":2,"217":2,"218":0,"219":2,"220":2,"221":2,"222":2,"223":2,"224":2,"225":2,"226":2,"227":0,"228":0,"229":1,"230":3,"231":3,"232":3,"233":0,"234":3,"235":3,"236":3,"237":3,"238":3,"239":0,"240":3,"241":3,"242":3,"243":3,"244":2,"245":2,"246":2,"247":0,"248":2,"249":2,"250":1,"251":3,"252":3,"253":3,"254":3,"255":0,"256":3,"257":3,"258":3,"259":3,"260":2,"261":2,"262":2,"263":2,"264":0,"265":2,"266":2,"267":2,"268":3,"269":9,"270":2,"271":2,"272":2,"273":2,"274":2,"275":2,"276":2,"277":2,"278":2,"279":2,"280":2,"281":1,"282":1,"283":1,"284":1,"285":1,"286":4,"287":4,"288":4,"289":2,"290":2,"291":2,"292":1,"293":1,"294":0,"295":1,"296":4,"297":4,"298":4,"299":4,"300":1,"301":3,"302":3,"303":1,"304":2,"305":2,"306":1,"307":3,"308":1,"309":2,"310":0,"311":0,"312":1},"f":{"0":17,"1":17,"2":17,"3":38,"4":2,"5":2,"6":2,"7":2,"8":2,"9":2,"10":0,"11":3,"12":3,"13":3,"14":3,"15":2,"16":13,"17":11,"18":7,"19":11,"20":1,"21":1,"22":1,"23":1,"24":1,"25":2,"26":1,"27":2,"28":2,"29":1,"30":1,"31":1,"32":2,"33":1,"34":1,"35":1,"36":1,"37":1,"38":1,"39":1,"40":1,"41":1,"42":1,"43":1,"44":1,"45":1,"46":1,"47":1,"48":0,"49":1,"50":1,"51":1,"52":1,"53":0,"54":0,"55":0,"56":0,"57":0,"58":0,"59":0,"60":0,"61":0,"62":0,"63":0,"64":0,"65":0,"66":1,"67":2,"68":3,"69":10,"70":2,"71":2,"72":2,"73":2,"74":2,"75":2,"76":2,"77":2,"78":2,"79":0,"80":3,"81":3,"82":3,"83":3,"84":2,"85":2,"86":3,"87":3,"88":2,"89":2,"90":9,"91":1,"92":1,"93":4,"94":2,"95":1,"96":4,"97":4,"98":3,"99":2,"100":3,"101":0},"b":{"0":[1,0],"1":[1,2],"2":[3,3],"3":[3],"4":[1,2],"5":[1,12],"6":[1,11],"7":[4,7],"8":[11,11],"9":[0,7],"10":[1,6],"11":[6,0],"12":[6,6],"13":[6,6],"14":[6,6],"15":[6,6],"16":[6,6],"17":[0,1],"18":[0,1],"19":[0,1],"20":[1,1],"21":[1,0],"22":[1,0],"23":[1,1],"24":[2,2,1,1,1,1,1],"25":[1,1],"26":[1,1],"27":[1,0],"28":[0,0],"29":[0,0],"30":[0,0],"31":[2,1],"32":[0,2],"33":[0,2],"34":[0,2],"35":[0,3],"36":[0,3],"37":[2,1],"38":[0,2],"39":[0,3],"40":[1,2],"41":[0,2],"42":[2,0],"43":[1,1],"44":[1,1],"45":[1,0],"46":[1,1],"47":[1,0],"48":[1,1],"49":[1,0],"50":[1,1],"51":[1,0],"52":[1,1],"53":[1,0],"54":[2,0],"55":[0,0],"56":[1,1],"57":[1,0],"58":[2,0],"59":[2,2],"60":[2,2],"61":[2,2],"62":[1,1],"63":[1,3],"64":[1,2],"65":[1,2]},"_coverageSchema":"1a1c01bbd47fc00a2c39e90264f33305004495a9","hash":"44ebecd7bdc627af6817fae2bdfaec9b33f16ff6"}
}
