TN:
SF:db.js
FN:12,(anonymous_0)
FNF:1
FNH:1
FNDA:1,(anonymous_0)
DA:1,1
DA:3,1
DA:12,1
DA:25,1
LF:4
LH:4
BRDA:5,0,0,1
BRDA:5,0,1,1
BRDA:6,1,0,1
BRDA:6,1,1,1
BRDA:7,2,0,1
BRDA:7,2,1,1
BRDA:8,3,0,1
BRDA:8,3,1,1
BRDA:9,4,0,1
BRDA:9,4,1,1
BRF:10
BRH:10
end_of_record
TN:
SF:server.js
FN:29,fetchUsers
FN:31,(anonymous_1)
FN:32,(anonymous_2)
FN:40,(anonymous_3)
FN:48,fetchEvents
FN:50,(anonymous_5)
FN:51,(anonymous_6)
FN:60,(anonymous_7)
FN:61,(anonymous_8)
FN:62,(anonymous_9)
FN:86,(anonymous_10)
FN:98,(anonymous_11)
FN:107,(anonymous_12)
FN:111,(anonymous_13)
FN:122,(anonymous_14)
FN:139,(anonymous_15)
FN:179,(anonymous_16)
FN:198,(anonymous_17)
FN:210,(anonymous_18)
FN:249,(anonymous_19)
FN:256,(anonymous_20)
FN:273,(anonymous_21)
FN:297,(anonymous_22)
FN:311,(anonymous_23)
FN:316,(anonymous_24)
FN:321,(anonymous_25)
FN:328,(anonymous_26)
FN:362,(anonymous_27)
FN:380,(anonymous_28)
FN:396,(anonymous_29)
FN:399,(anonymous_30)
FN:400,(anonymous_31)
FN:414,(anonymous_32)
FN:421,(anonymous_33)
FN:425,(anonymous_34)
FN:433,(anonymous_35)
FN:437,(anonymous_36)
FN:446,(anonymous_37)
FN:450,(anonymous_38)
FN:458,(anonymous_39)
FN:462,(anonymous_40)
FN:479,(anonymous_41)
FN:482,(anonymous_42)
FN:483,(anonymous_43)
FN:501,(anonymous_44)
FN:505,(anonymous_45)
FN:506,(anonymous_46)
FN:526,(anonymous_47)
FN:528,(anonymous_48)
FN:533,(anonymous_49)
FN:536,(anonymous_50)
FN:540,(anonymous_51)
FN:541,(anonymous_52)
FN:556,(anonymous_53)
FN:558,(anonymous_54)
FN:559,(anonymous_55)
FN:573,(anonymous_56)
FN:576,(anonymous_57)
FN:577,(anonymous_58)
FN:584,(anonymous_59)
FN:585,(anonymous_60)
FN:592,(anonymous_61)
FN:613,(anonymous_62)
FN:615,(anonymous_63)
FN:620,(anonymous_64)
FN:634,(anonymous_65)
FN:648,(anonymous_66)
FN:649,(anonymous_67)
FN:655,(anonymous_68)
FN:656,(anonymous_69)
FN:660,(anonymous_70)
FN:661,(anonymous_71)
FN:669,(anonymous_72)
FN:670,(anonymous_73)
FN:678,(anonymous_74)
FN:679,(anonymous_75)
FN:689,(anonymous_76)
FN:693,(anonymous_77)
FN:694,(anonymous_78)
FN:701,(anonymous_79)
FN:713,(anonymous_80)
FN:729,(anonymous_81)
FN:737,(anonymous_82)
FN:738,(anonymous_83)
FN:749,(anonymous_84)
FN:750,(anonymous_85)
FN:765,(anonymous_86)
FN:766,(anonymous_87)
FN:777,(anonymous_88)
FN:779,(anonymous_89)
FN:793,(anonymous_90)
FN:834,(anonymous_91)
FN:845,(anonymous_92)
FN:855,(anonymous_93)
FN:864,(anonymous_94)
FN:877,(anonymous_95)
FN:889,(anonymous_96)
FN:894,(anonymous_97)
FN:907,(anonymous_98)
FN:920,(anonymous_99)
FN:934,(anonymous_100)
FN:943,init
FNF:102
FNH:85
FNDA:17,fetchUsers
FNDA:17,(anonymous_1)
FNDA:17,(anonymous_2)
FNDA:38,(anonymous_3)
FNDA:2,fetchEvents
FNDA:2,(anonymous_5)
FNDA:2,(anonymous_6)
FNDA:2,(anonymous_7)
FNDA:2,(anonymous_8)
FNDA:2,(anonymous_9)
FNDA:0,(anonymous_10)
FNDA:3,(anonymous_11)
FNDA:3,(anonymous_12)
FNDA:3,(anonymous_13)
FNDA:3,(anonymous_14)
FNDA:2,(anonymous_15)
FNDA:13,(anonymous_16)
FNDA:11,(anonymous_17)
FNDA:7,(anonymous_18)
FNDA:11,(anonymous_19)
FNDA:1,(anonymous_20)
FNDA:1,(anonymous_21)
FNDA:1,(anonymous_22)
FNDA:1,(anonymous_23)
FNDA:1,(anonymous_24)
FNDA:2,(anonymous_25)
FNDA:1,(anonymous_26)
FNDA:2,(anonymous_27)
FNDA:2,(anonymous_28)
FNDA:1,(anonymous_29)
FNDA:1,(anonymous_30)
FNDA:1,(anonymous_31)
FNDA:2,(anonymous_32)
FNDA:1,(anonymous_33)
FNDA:1,(anonymous_34)
FNDA:1,(anonymous_35)
FNDA:1,(anonymous_36)
FNDA:1,(anonymous_37)
FNDA:1,(anonymous_38)
FNDA:1,(anonymous_39)
FNDA:1,(anonymous_40)
FNDA:1,(anonymous_41)
FNDA:1,(anonymous_42)
FNDA:1,(anonymous_43)
FNDA:1,(anonymous_44)
FNDA:1,(anonymous_45)
FNDA:1,(anonymous_46)
FNDA:1,(anonymous_47)
FNDA:0,(anonymous_48)
FNDA:1,(anonymous_49)
FNDA:1,(anonymous_50)
FNDA:1,(anonymous_51)
FNDA:1,(anonymous_52)
FNDA:0,(anonymous_53)
FNDA:0,(anonymous_54)
FNDA:0,(anonymous_55)
FNDA:0,(anonymous_56)
FNDA:0,(anonymous_57)
FNDA:0,(anonymous_58)
FNDA:0,(anonymous_59)
FNDA:0,(anonymous_60)
FNDA:0,(anonymous_61)
FNDA:0,(anonymous_62)
FNDA:0,(anonymous_63)
FNDA:0,(anonymous_64)
FNDA:0,(anonymous_65)
FNDA:1,(anonymous_66)
FNDA:2,(anonymous_67)
FNDA:3,(anonymous_68)
FNDA:10,(anonymous_69)
FNDA:2,(anonymous_70)
FNDA:2,(anonymous_71)
FNDA:2,(anonymous_72)
FNDA:2,(anonymous_73)
FNDA:2,(anonymous_74)
FNDA:2,(anonymous_75)
FNDA:2,(anonymous_76)
FNDA:2,(anonymous_77)
FNDA:2,(anonymous_78)
FNDA:0,(anonymous_79)
FNDA:3,(anonymous_80)
FNDA:3,(anonymous_81)
FNDA:3,(anonymous_82)
FNDA:3,(anonymous_83)
FNDA:2,(anonymous_84)
FNDA:2,(anonymous_85)
FNDA:3,(anonymous_86)
FNDA:3,(anonymous_87)
FNDA:2,(anonymous_88)
FNDA:2,(anonymous_89)
FNDA:9,(anonymous_90)
FNDA:1,(anonymous_91)
FNDA:1,(anonymous_92)
FNDA:4,(anonymous_93)
FNDA:2,(anonymous_94)
FNDA:1,(anonymous_95)
FNDA:4,(anonymous_96)
FNDA:4,(anonymous_97)
FNDA:3,(anonymous_98)
FNDA:2,(anonymous_99)
FNDA:3,(anonymous_100)
FNDA:0,init
DA:1,1
DA:2,1
DA:3,1
DA:4,1
DA:5,1
DA:6,1
DA:8,1
DA:9,1
DA:11,1
DA:15,1
DA:16,1
DA:27,1
DA:30,17
DA:31,17
DA:32,17
DA:39,17
DA:40,38
DA:49,2
DA:50,2
DA:51,2
DA:58,2
DA:60,2
DA:61,2
DA:62,2
DA:69,2
DA:75,2
DA:86,1
DA:98,1
DA:99,3
DA:100,1
DA:102,2
DA:107,1
DA:108,3
DA:111,3
DA:119,3
DA:123,3
DA:130,0
DA:133,2
DA:136,2
DA:148,2
DA:162,2
DA:179,1
DA:180,13
DA:181,13
DA:183,13
DA:184,1
DA:186,12
DA:187,1
DA:190,11
DA:205,11
DA:206,4
DA:208,7
DA:210,7
DA:211,7
DA:212,0
DA:213,0
DA:216,7
DA:217,1
DA:221,6
DA:235,6
DA:249,1
DA:251,11
DA:252,11
DA:256,1
DA:257,1
DA:259,1
DA:260,0
DA:263,1
DA:265,1
DA:274,1
DA:275,0
DA:276,0
DA:279,1
DA:280,0
DA:283,1
DA:285,1
DA:287,1
DA:297,1
DA:298,1
DA:299,1
DA:301,0
DA:311,1
DA:312,1
DA:316,1
DA:317,1
DA:318,1
DA:321,1
DA:322,2
DA:323,2
DA:324,1
DA:327,1
DA:362,1
DA:363,2
DA:364,2
DA:368,2
DA:381,2
DA:383,1
DA:384,1
DA:388,1
DA:391,0
DA:392,0
DA:396,1
DA:397,1
DA:398,1
DA:399,1
DA:400,1
DA:411,1
DA:414,1
DA:415,2
DA:416,2
DA:419,2
DA:420,2
DA:421,1
DA:422,1
DA:428,1
DA:433,1
DA:434,1
DA:440,1
DA:445,1
DA:446,1
DA:447,1
DA:453,1
DA:458,1
DA:459,1
DA:465,1
DA:470,2
DA:472,0
DA:473,0
DA:479,1
DA:480,1
DA:481,1
DA:482,1
DA:483,1
DA:490,1
DA:491,1
DA:496,0
DA:501,1
DA:502,1
DA:504,1
DA:505,1
DA:506,1
DA:513,1
DA:514,1
DA:519,0
DA:526,1
DA:527,1
DA:528,1
DA:529,1
DA:533,1
DA:534,1
DA:535,1
DA:537,1
DA:540,1
DA:541,1
DA:548,1
DA:549,1
DA:552,1
DA:553,1
DA:556,1
DA:557,0
DA:558,0
DA:559,0
DA:565,0
DA:567,0
DA:568,0
DA:573,1
DA:574,0
DA:576,0
DA:577,0
DA:578,0
DA:579,0
DA:583,0
DA:585,0
DA:586,0
DA:593,0
DA:594,0
DA:599,0
DA:606,0
DA:608,0
DA:609,0
DA:613,1
DA:614,0
DA:615,0
DA:616,0
DA:621,0
DA:622,0
DA:625,0
DA:627,0
DA:628,0
DA:634,1
DA:635,0
DA:636,0
DA:648,1
DA:649,2
DA:650,1
DA:655,1
DA:656,10
DA:657,3
DA:660,2
DA:661,2
DA:662,2
DA:664,2
DA:669,2
DA:670,2
DA:671,2
DA:673,2
DA:678,2
DA:679,2
DA:680,2
DA:682,2
DA:688,2
DA:690,2
DA:691,2
DA:693,2
DA:695,2
DA:696,2
DA:699,2
DA:702,0
DA:703,0
DA:713,1
DA:726,3
DA:728,3
DA:730,3
DA:732,3
DA:736,3
DA:737,3
DA:738,3
DA:739,3
DA:741,3
DA:742,3
DA:747,3
DA:748,3
DA:749,2
DA:750,2
DA:751,2
DA:753,2
DA:754,2
DA:761,1
DA:764,3
DA:765,3
DA:766,3
DA:767,3
DA:769,3
DA:770,3
DA:775,3
DA:776,3
DA:777,2
DA:778,2
DA:779,2
DA:780,2
DA:782,2
DA:783,2
DA:790,2
DA:793,9
DA:801,2
DA:802,2
DA:803,2
DA:804,2
DA:805,2
DA:806,2
DA:807,2
DA:808,2
DA:809,2
DA:812,2
DA:827,2
DA:834,1
DA:835,1
DA:838,1
DA:850,1
DA:855,1
DA:856,4
DA:857,4
DA:859,4
DA:860,2
DA:864,2
DA:869,2
DA:870,1
DA:874,1
DA:882,0
DA:889,1
DA:890,4
DA:891,4
DA:894,4
DA:899,4
DA:900,1
DA:904,3
DA:912,3
DA:913,1
DA:917,2
DA:925,2
DA:934,1
DA:935,3
DA:936,1
DA:938,2
DA:944,0
DA:945,0
DA:957,1
LF:297
LH:248
BRDA:18,0,0,1
BRDA:18,0,1,0
BRDA:99,1,0,1
BRDA:99,1,1,2
BRDA:99,2,0,3
BRDA:99,2,1,3
BRDA:108,3,0,3
BRDA:123,4,0,1
BRDA:123,4,1,2
BRDA:183,5,0,1
BRDA:183,5,1,12
BRDA:186,6,0,1
BRDA:186,6,1,11
BRDA:205,7,0,4
BRDA:205,7,1,7
BRDA:205,8,0,11
BRDA:205,8,1,11
BRDA:211,9,0,0
BRDA:211,9,1,7
BRDA:216,10,0,1
BRDA:216,10,1,6
BRDA:225,11,0,6
BRDA:225,11,1,0
BRDA:227,12,0,6
BRDA:227,12,1,6
BRDA:228,13,0,6
BRDA:228,13,1,6
BRDA:229,14,0,6
BRDA:229,14,1,6
BRDA:230,15,0,6
BRDA:230,15,1,6
BRDA:231,16,0,6
BRDA:231,16,1,6
BRDA:259,17,0,0
BRDA:259,17,1,1
BRDA:274,18,0,0
BRDA:274,18,1,1
BRDA:279,19,0,0
BRDA:279,19,1,1
BRDA:279,20,0,1
BRDA:279,20,1,1
BRDA:290,21,0,1
BRDA:290,21,1,0
BRDA:298,22,0,1
BRDA:298,22,1,0
BRDA:323,23,0,1
BRDA:323,23,1,1
BRDA:323,24,0,2
BRDA:323,24,1,2
BRDA:323,24,2,1
BRDA:323,24,3,1
BRDA:323,24,4,1
BRDA:323,24,5,1
BRDA:323,24,6,1
BRDA:381,25,0,1
BRDA:381,25,1,1
BRDA:420,26,0,1
BRDA:420,26,1,1
BRDA:445,27,0,1
BRDA:445,27,1,0
BRDA:578,28,0,0
BRDA:578,28,1,0
BRDA:593,29,0,0
BRDA:593,29,1,0
BRDA:621,30,0,0
BRDA:621,30,1,0
BRDA:657,31,0,2
BRDA:657,31,1,1
BRDA:662,32,0,0
BRDA:662,32,1,2
BRDA:671,33,0,0
BRDA:671,33,1,2
BRDA:680,34,0,0
BRDA:680,34,1,2
BRDA:730,35,0,0
BRDA:730,35,1,3
BRDA:739,36,0,0
BRDA:739,36,1,3
BRDA:747,37,0,2
BRDA:747,37,1,1
BRDA:751,38,0,0
BRDA:751,38,1,2
BRDA:767,39,0,0
BRDA:767,39,1,3
BRDA:775,40,0,1
BRDA:775,40,1,2
BRDA:780,41,0,0
BRDA:780,41,1,2
BRDA:801,42,0,2
BRDA:801,42,1,0
BRDA:802,43,0,1
BRDA:802,43,1,1
BRDA:803,44,0,1
BRDA:803,44,1,1
BRDA:803,45,0,1
BRDA:803,45,1,0
BRDA:804,46,0,1
BRDA:804,46,1,1
BRDA:804,47,0,1
BRDA:804,47,1,0
BRDA:805,48,0,1
BRDA:805,48,1,1
BRDA:805,49,0,1
BRDA:805,49,1,0
BRDA:806,50,0,1
BRDA:806,50,1,1
BRDA:806,51,0,1
BRDA:806,51,1,0
BRDA:807,52,0,1
BRDA:807,52,1,1
BRDA:807,53,0,1
BRDA:807,53,1,0
BRDA:808,54,0,2
BRDA:808,54,1,0
BRDA:808,55,0,0
BRDA:808,55,1,0
BRDA:809,56,0,1
BRDA:809,56,1,1
BRDA:809,57,0,1
BRDA:809,57,1,0
BRDA:822,58,0,2
BRDA:822,58,1,0
BRDA:823,59,0,2
BRDA:823,59,1,2
BRDA:824,60,0,2
BRDA:824,60,1,2
BRDA:859,61,0,2
BRDA:859,61,1,2
BRDA:869,62,0,1
BRDA:869,62,1,1
BRDA:899,63,0,1
BRDA:899,63,1,3
BRDA:912,64,0,1
BRDA:912,64,1,2
BRDA:935,65,0,1
BRDA:935,65,1,2
BRF:136
BRH:102
end_of_record
