{"C:\\Users\\truong\\Documents\\SoftwareDesignProject2\\viet-boyz\\front_end_dev\\ems\\src\\pages\\FrontPage\\home.jsx": {"path":"C:\\Users\\truong\\Documents\\SoftwareDesignProject2\\viet-boyz\\front_end_dev\\ems\\src\\pages\\FrontPage\\home.jsx","statementMap":{"0":{"start":{"line":9,"column":19},"end":{"line":12,"column":4}},"1":{"start":{"line":13,"column":26},"end":{"line":13,"column":40}},"2":{"start":{"line":14,"column":19},"end":{"line":14,"column":32}},"3":{"start":{"line":16,"column":2},"end":{"line":35,"column":9}},"4":{"start":{"line":17,"column":29},"end":{"line":32,"column":5}},"5":{"start":{"line":18,"column":6},"end":{"line":31,"column":7}},"6":{"start":{"line":19,"column":25},"end":{"line":22,"column":10}},"7":{"start":{"line":23,"column":21},"end":{"line":23,"column":42}},"8":{"start":{"line":24,"column":8},"end":{"line":28,"column":9}},"9":{"start":{"line":25,"column":10},"end":{"line":25,"column":29}},"10":{"start":{"line":27,"column":10},"end":{"line":27,"column":24}},"11":{"start":{"line":30,"column":8},"end":{"line":30,"column":61}},"12":{"start":{"line":34,"column":4},"end":{"line":34,"column":23}},"13":{"start":{"line":37,"column":23},"end":{"line":48,"column":3}},"14":{"start":{"line":38,"column":4},"end":{"line":47,"column":5}},"15":{"start":{"line":39,"column":6},"end":{"line":42,"column":9}},"16":{"start":{"line":43,"column":6},"end":{"line":43,"column":20}},"17":{"start":{"line":44,"column":6},"end":{"line":44,"column":20}},"18":{"start":{"line":46,"column":6},"end":{"line":46,"column":45}},"19":{"start":{"line":50,"column":2},"end":{"line":145,"column":4}},"20":{"start":{"line":80,"column":22},"end":{"line":83,"column":24}},"21":{"start":{"line":111,"column":22},"end":{"line":114,"column":24}},"22":{"start":{"line":135,"column":14},"end":{"line":138,"column":19}}},"fnMap":{"0":{"name":"Home","decl":{"start":{"line":8,"column":9},"end":{"line":8,"column":13}},"loc":{"start":{"line":8,"column":16},"end":{"line":146,"column":1}},"line":8},"1":{"name":"(anonymous_1)","decl":{"start":{"line":16,"column":12},"end":{"line":16,"column":13}},"loc":{"start":{"line":16,"column":18},"end":{"line":35,"column":3}},"line":16},"2":{"name":"(anonymous_2)","decl":{"start":{"line":17,"column":29},"end":{"line":17,"column":30}},"loc":{"start":{"line":17,"column":41},"end":{"line":32,"column":5}},"line":17},"3":{"name":"(anonymous_3)","decl":{"start":{"line":37,"column":23},"end":{"line":37,"column":24}},"loc":{"start":{"line":37,"column":35},"end":{"line":48,"column":3}},"line":37},"4":{"name":"(anonymous_4)","decl":{"start":{"line":79,"column":29},"end":{"line":79,"column":30}},"loc":{"start":{"line":80,"column":22},"end":{"line":83,"column":24}},"line":80},"5":{"name":"(anonymous_5)","decl":{"start":{"line":110,"column":29},"end":{"line":110,"column":30}},"loc":{"start":{"line":111,"column":22},"end":{"line":114,"column":24}},"line":111},"6":{"name":"(anonymous_6)","decl":{"start":{"line":134,"column":24},"end":{"line":134,"column":25}},"loc":{"start":{"line":135,"column":14},"end":{"line":138,"column":19}},"line":135}},"branchMap":{"0":{"loc":{"start":{"line":24,"column":8},"end":{"line":28,"column":9}},"type":"if","locations":[{"start":{"line":24,"column":8},"end":{"line":28,"column":9}},{"start":{"line":26,"column":15},"end":{"line":28,"column":9}}],"line":24},"1":{"loc":{"start":{"line":61,"column":13},"end":{"line":121,"column":13}},"type":"cond-expr","locations":[{"start":{"line":63,"column":14},"end":{"line":89,"column":17}},{"start":{"line":92,"column":14},"end":{"line":120,"column":17}}],"line":61},"2":{"loc":{"start":{"line":65,"column":28},"end":{"line":65,"column":70}},"type":"cond-expr","locations":[{"start":{"line":65,"column":52},"end":{"line":65,"column":60}},{"start":{"line":65,"column":63},"end":{"line":65,"column":70}}],"line":65}},"s":{"0":10,"1":10,"2":10,"3":10,"4":6,"5":6,"6":6,"7":6,"8":6,"9":2,"10":4,"11":0,"12":6,"13":10,"14":1,"15":1,"16":1,"17":1,"18":0,"19":10,"20":0,"21":1,"22":20},"f":{"0":10,"1":6,"2":6,"3":1,"4":0,"5":1,"6":20},"b":{"0":[2,4],"1":[2,8],"2":[2,0]},"_coverageSchema":"1a1c01bbd47fc00a2c39e90264f33305004495a9","hash":"4f85198c2e7ba88361cedf36b2c06ac5fd5b75c0"}
,"C:\\Users\\truong\\Documents\\SoftwareDesignProject2\\viet-boyz\\front_end_dev\\ems\\src\\pages\\FrontPage\\Contact\\Contact.jsx": {"path":"C:\\Users\\truong\\Documents\\SoftwareDesignProject2\\viet-boyz\\front_end_dev\\ems\\src\\pages\\FrontPage\\Contact\\Contact.jsx","statementMap":{"0":{"start":{"line":7,"column":2},"end":{"line":25,"column":4}}},"fnMap":{"0":{"name":"Contact","decl":{"start":{"line":6,"column":9},"end":{"line":6,"column":16}},"loc":{"start":{"line":6,"column":19},"end":{"line":26,"column":1}},"line":6}},"branchMap":{},"s":{"0":15},"f":{"0":15},"b":{},"_coverageSchema":"1a1c01bbd47fc00a2c39e90264f33305004495a9","hash":"9f4202586357345c9fe0a28b117aef5ca35344db"}
,"C:\\Users\\truong\\Documents\\SoftwareDesignProject2\\viet-boyz\\front_end_dev\\ems\\src\\pages\\Profile\\Admin\\EventManagement.jsx": {"path":"C:\\Users\\truong\\Documents\\SoftwareDesignProject2\\viet-boyz\\front_end_dev\\ems\\src\\pages\\Profile\\Admin\\EventManagement.jsx","statementMap":{"0":{"start":{"line":7,"column":21},"end":{"line":12,"column":1}},"1":{"start":{"line":14,"column":24},"end":{"line":244,"column":1}},"2":{"start":{"line":15,"column":30},"end":{"line":15,"column":42}},"3":{"start":{"line":16,"column":42},"end":{"line":25,"column":4}},"4":{"start":{"line":28,"column":2},"end":{"line":30,"column":9}},"5":{"start":{"line":29,"column":4},"end":{"line":29,"column":18}},"6":{"start":{"line":33,"column":22},"end":{"line":41,"column":3}},"7":{"start":{"line":34,"column":21},"end":{"line":34,"column":68}},"8":{"start":{"line":35,"column":4},"end":{"line":40,"column":5}},"9":{"start":{"line":36,"column":19},"end":{"line":36,"column":40}},"10":{"start":{"line":37,"column":6},"end":{"line":37,"column":22}},"11":{"start":{"line":39,"column":6},"end":{"line":39,"column":46}},"12":{"start":{"line":43,"column":28},"end":{"line":46,"column":3}},"13":{"start":{"line":44,"column":28},"end":{"line":44,"column":36}},"14":{"start":{"line":45,"column":4},"end":{"line":45,"column":56}},"15":{"start":{"line":48,"column":28},"end":{"line":50,"column":3}},"16":{"start":{"line":49,"column":4},"end":{"line":49,"column":80}},"17":{"start":{"line":52,"column":27},"end":{"line":54,"column":3}},"18":{"start":{"line":53,"column":4},"end":{"line":53,"column":47}},"19":{"start":{"line":56,"column":32},"end":{"line":58,"column":3}},"20":{"start":{"line":57,"column":4},"end":{"line":57,"column":84}},"21":{"start":{"line":61,"column":28},"end":{"line":119,"column":3}},"22":{"start":{"line":62,"column":4},"end":{"line":65,"column":5}},"23":{"start":{"line":63,"column":6},"end":{"line":63,"column":39}},"24":{"start":{"line":64,"column":6},"end":{"line":64,"column":13}},"25":{"start":{"line":67,"column":4},"end":{"line":70,"column":5}},"26":{"start":{"line":68,"column":6},"end":{"line":68,"column":43}},"27":{"start":{"line":69,"column":6},"end":{"line":69,"column":13}},"28":{"start":{"line":72,"column":4},"end":{"line":75,"column":5}},"29":{"start":{"line":73,"column":6},"end":{"line":73,"column":58}},"30":{"start":{"line":74,"column":6},"end":{"line":74,"column":13}},"31":{"start":{"line":76,"column":4},"end":{"line":79,"column":5}},"32":{"start":{"line":77,"column":6},"end":{"line":77,"column":54}},"33":{"start":{"line":78,"column":6},"end":{"line":78,"column":13}},"34":{"start":{"line":80,"column":4},"end":{"line":83,"column":5}},"35":{"start":{"line":81,"column":6},"end":{"line":81,"column":47}},"36":{"start":{"line":82,"column":6},"end":{"line":82,"column":13}},"37":{"start":{"line":85,"column":21},"end":{"line":88,"column":5}},"38":{"start":{"line":91,"column":4},"end":{"line":118,"column":5}},"39":{"start":{"line":92,"column":23},"end":{"line":96,"column":8}},"40":{"start":{"line":98,"column":6},"end":{"line":115,"column":7}},"41":{"start":{"line":99,"column":29},"end":{"line":99,"column":50}},"42":{"start":{"line":100,"column":8},"end":{"line":100,"column":45}},"43":{"start":{"line":103,"column":8},"end":{"line":112,"column":11}},"44":{"start":{"line":114,"column":8},"end":{"line":114,"column":48}},"45":{"start":{"line":117,"column":6},"end":{"line":117,"column":52}},"46":{"start":{"line":123,"column":28},"end":{"line":133,"column":3}},"47":{"start":{"line":124,"column":21},"end":{"line":126,"column":6}},"48":{"start":{"line":128,"column":4},"end":{"line":132,"column":5}},"49":{"start":{"line":129,"column":6},"end":{"line":129,"column":59}},"50":{"start":{"line":129,"column":41},"end":{"line":129,"column":56}},"51":{"start":{"line":131,"column":6},"end":{"line":131,"column":46}},"52":{"start":{"line":136,"column":32},"end":{"line":179,"column":3}},"53":{"start":{"line":137,"column":4},"end":{"line":178,"column":5}},"54":{"start":{"line":138,"column":23},"end":{"line":138,"column":69}},"55":{"start":{"line":139,"column":6},"end":{"line":141,"column":7}},"56":{"start":{"line":140,"column":8},"end":{"line":140,"column":49}},"57":{"start":{"line":143,"column":20},"end":{"line":143,"column":41}},"58":{"start":{"line":145,"column":25},"end":{"line":145,"column":64}},"59":{"start":{"line":145,"column":47},"end":{"line":145,"column":63}},"60":{"start":{"line":146,"column":6},"end":{"line":149,"column":7}},"61":{"start":{"line":147,"column":8},"end":{"line":147,"column":41}},"62":{"start":{"line":148,"column":8},"end":{"line":148,"column":15}},"63":{"start":{"line":152,"column":29},"end":{"line":152,"column":88}},"64":{"start":{"line":152,"column":76},"end":{"line":152,"column":87}},"65":{"start":{"line":154,"column":32},"end":{"line":162,"column":11}},"66":{"start":{"line":156,"column":10},"end":{"line":157,"column":67}},"67":{"start":{"line":157,"column":36},"end":{"line":157,"column":66}},"68":{"start":{"line":159,"column":27},"end":{"line":162,"column":9}},"69":{"start":{"line":165,"column":28},"end":{"line":173,"column":7}},"70":{"start":{"line":166,"column":8},"end":{"line":172,"column":17}},"71":{"start":{"line":175,"column":6},"end":{"line":175,"column":31}},"72":{"start":{"line":177,"column":6},"end":{"line":177,"column":35}},"73":{"start":{"line":182,"column":2},"end":{"line":243,"column":4}},"74":{"start":{"line":210,"column":8},"end":{"line":240,"column":14}},"75":{"start":{"line":217,"column":33},"end":{"line":217,"column":60}},"76":{"start":{"line":220,"column":33},"end":{"line":220,"column":64}},"77":{"start":{"line":229,"column":36},"end":{"line":233,"column":15}},"78":{"start":{"line":230,"column":16},"end":{"line":232,"column":21}},"79":{"start":{"line":234,"column":14},"end":{"line":234,"column":39}}},"fnMap":{"0":{"name":"(anonymous_0)","decl":{"start":{"line":14,"column":24},"end":{"line":14,"column":25}},"loc":{"start":{"line":14,"column":30},"end":{"line":244,"column":1}},"line":14},"1":{"name":"(anonymous_1)","decl":{"start":{"line":28,"column":12},"end":{"line":28,"column":13}},"loc":{"start":{"line":28,"column":18},"end":{"line":30,"column":3}},"line":28},"2":{"name":"(anonymous_2)","decl":{"start":{"line":33,"column":22},"end":{"line":33,"column":23}},"loc":{"start":{"line":33,"column":34},"end":{"line":41,"column":3}},"line":33},"3":{"name":"(anonymous_3)","decl":{"start":{"line":43,"column":28},"end":{"line":43,"column":29}},"loc":{"start":{"line":43,"column":35},"end":{"line":46,"column":3}},"line":43},"4":{"name":"(anonymous_4)","decl":{"start":{"line":48,"column":28},"end":{"line":48,"column":29}},"loc":{"start":{"line":48,"column":49},"end":{"line":50,"column":3}},"line":48},"5":{"name":"(anonymous_5)","decl":{"start":{"line":52,"column":27},"end":{"line":52,"column":28}},"loc":{"start":{"line":52,"column":37},"end":{"line":54,"column":3}},"line":52},"6":{"name":"(anonymous_6)","decl":{"start":{"line":56,"column":32},"end":{"line":56,"column":33}},"loc":{"start":{"line":56,"column":53},"end":{"line":58,"column":3}},"line":56},"7":{"name":"(anonymous_7)","decl":{"start":{"line":61,"column":28},"end":{"line":61,"column":29}},"loc":{"start":{"line":61,"column":40},"end":{"line":119,"column":3}},"line":61},"8":{"name":"(anonymous_8)","decl":{"start":{"line":123,"column":28},"end":{"line":123,"column":29}},"loc":{"start":{"line":123,"column":42},"end":{"line":133,"column":3}},"line":123},"9":{"name":"(anonymous_9)","decl":{"start":{"line":129,"column":30},"end":{"line":129,"column":31}},"loc":{"start":{"line":129,"column":41},"end":{"line":129,"column":56}},"line":129},"10":{"name":"(anonymous_10)","decl":{"start":{"line":136,"column":32},"end":{"line":136,"column":33}},"loc":{"start":{"line":136,"column":51},"end":{"line":179,"column":3}},"line":136},"11":{"name":"(anonymous_11)","decl":{"start":{"line":145,"column":42},"end":{"line":145,"column":43}},"loc":{"start":{"line":145,"column":47},"end":{"line":145,"column":63}},"line":145},"12":{"name":"(anonymous_12)","decl":{"start":{"line":152,"column":67},"end":{"line":152,"column":68}},"loc":{"start":{"line":152,"column":76},"end":{"line":152,"column":87}},"line":152},"13":{"name":"(anonymous_13)","decl":{"start":{"line":155,"column":16},"end":{"line":155,"column":17}},"loc":{"start":{"line":156,"column":10},"end":{"line":157,"column":67}},"line":156},"14":{"name":"(anonymous_14)","decl":{"start":{"line":157,"column":27},"end":{"line":157,"column":28}},"loc":{"start":{"line":157,"column":36},"end":{"line":157,"column":66}},"line":157},"15":{"name":"(anonymous_15)","decl":{"start":{"line":159,"column":13},"end":{"line":159,"column":14}},"loc":{"start":{"line":159,"column":27},"end":{"line":162,"column":9}},"line":159},"16":{"name":"(anonymous_16)","decl":{"start":{"line":165,"column":39},"end":{"line":165,"column":40}},"loc":{"start":{"line":166,"column":8},"end":{"line":172,"column":17}},"line":166},"17":{"name":"(anonymous_17)","decl":{"start":{"line":209,"column":18},"end":{"line":209,"column":19}},"loc":{"start":{"line":210,"column":8},"end":{"line":240,"column":14}},"line":210},"18":{"name":"(anonymous_18)","decl":{"start":{"line":217,"column":27},"end":{"line":217,"column":28}},"loc":{"start":{"line":217,"column":33},"end":{"line":217,"column":60}},"line":217},"19":{"name":"(anonymous_19)","decl":{"start":{"line":220,"column":27},"end":{"line":220,"column":28}},"loc":{"start":{"line":220,"column":33},"end":{"line":220,"column":64}},"line":220},"20":{"name":"(anonymous_20)","decl":{"start":{"line":228,"column":22},"end":{"line":228,"column":23}},"loc":{"start":{"line":228,"column":43},"end":{"line":235,"column":13}},"line":228},"21":{"name":"(anonymous_21)","decl":{"start":{"line":229,"column":47},"end":{"line":229,"column":48}},"loc":{"start":{"line":230,"column":16},"end":{"line":232,"column":21}},"line":230}},"branchMap":{"0":{"loc":{"start":{"line":35,"column":4},"end":{"line":40,"column":5}},"type":"if","locations":[{"start":{"line":35,"column":4},"end":{"line":40,"column":5}},{"start":{"line":38,"column":11},"end":{"line":40,"column":5}}],"line":35},"1":{"loc":{"start":{"line":49,"column":55},"end":{"line":49,"column":76}},"type":"binary-expr","locations":[{"start":{"line":49,"column":55},"end":{"line":49,"column":70}},{"start":{"line":49,"column":74},"end":{"line":49,"column":76}}],"line":49},"2":{"loc":{"start":{"line":57,"column":59},"end":{"line":57,"column":80}},"type":"binary-expr","locations":[{"start":{"line":57,"column":59},"end":{"line":57,"column":74}},{"start":{"line":57,"column":78},"end":{"line":57,"column":80}}],"line":57},"3":{"loc":{"start":{"line":62,"column":4},"end":{"line":65,"column":5}},"type":"if","locations":[{"start":{"line":62,"column":4},"end":{"line":65,"column":5}},{"start":{},"end":{}}],"line":62},"4":{"loc":{"start":{"line":67,"column":4},"end":{"line":70,"column":5}},"type":"if","locations":[{"start":{"line":67,"column":4},"end":{"line":70,"column":5}},{"start":{},"end":{}}],"line":67},"5":{"loc":{"start":{"line":72,"column":4},"end":{"line":75,"column":5}},"type":"if","locations":[{"start":{"line":72,"column":4},"end":{"line":75,"column":5}},{"start":{},"end":{}}],"line":72},"6":{"loc":{"start":{"line":76,"column":4},"end":{"line":79,"column":5}},"type":"if","locations":[{"start":{"line":76,"column":4},"end":{"line":79,"column":5}},{"start":{},"end":{}}],"line":76},"7":{"loc":{"start":{"line":80,"column":4},"end":{"line":83,"column":5}},"type":"if","locations":[{"start":{"line":80,"column":4},"end":{"line":83,"column":5}},{"start":{},"end":{}}],"line":80},"8":{"loc":{"start":{"line":98,"column":6},"end":{"line":115,"column":7}},"type":"if","locations":[{"start":{"line":98,"column":6},"end":{"line":115,"column":7}},{"start":{"line":113,"column":13},"end":{"line":115,"column":7}}],"line":98},"9":{"loc":{"start":{"line":128,"column":4},"end":{"line":132,"column":5}},"type":"if","locations":[{"start":{"line":128,"column":4},"end":{"line":132,"column":5}},{"start":{"line":130,"column":11},"end":{"line":132,"column":5}}],"line":128},"10":{"loc":{"start":{"line":139,"column":6},"end":{"line":141,"column":7}},"type":"if","locations":[{"start":{"line":139,"column":6},"end":{"line":141,"column":7}},{"start":{},"end":{}}],"line":139},"11":{"loc":{"start":{"line":146,"column":6},"end":{"line":149,"column":7}},"type":"if","locations":[{"start":{"line":146,"column":6},"end":{"line":149,"column":7}},{"start":{},"end":{}}],"line":146},"12":{"loc":{"start":{"line":156,"column":10},"end":{"line":157,"column":67}},"type":"binary-expr","locations":[{"start":{"line":156,"column":10},"end":{"line":156,"column":35}},{"start":{"line":157,"column":10},"end":{"line":157,"column":67}}],"line":156},"13":{"loc":{"start":{"line":166,"column":8},"end":{"line":172,"column":17}},"type":"cond-expr","locations":[{"start":{"line":167,"column":12},"end":{"line":171,"column":13}},{"start":{"line":172,"column":12},"end":{"line":172,"column":17}}],"line":166},"14":{"loc":{"start":{"line":225,"column":21},"end":{"line":225,"column":50}},"type":"binary-expr","locations":[{"start":{"line":225,"column":21},"end":{"line":225,"column":44}},{"start":{"line":225,"column":48},"end":{"line":225,"column":50}}],"line":225},"15":{"loc":{"start":{"line":227,"column":19},"end":{"line":227,"column":49}},"type":"binary-expr","locations":[{"start":{"line":227,"column":19},"end":{"line":227,"column":43}},{"start":{"line":227,"column":47},"end":{"line":227,"column":49}}],"line":227},"16":{"loc":{"start":{"line":230,"column":16},"end":{"line":232,"column":21}},"type":"cond-expr","locations":[{"start":{"line":231,"column":20},"end":{"line":231,"column":65}},{"start":{"line":232,"column":20},"end":{"line":232,"column":21}}],"line":230}},"s":{"0":1,"1":1,"2":41,"3":41,"4":41,"5":5,"6":41,"7":5,"8":5,"9":5,"10":4,"11":0,"12":41,"13":30,"14":30,"15":41,"16":0,"17":41,"18":0,"19":41,"20":0,"21":41,"22":0,"23":0,"24":0,"25":0,"26":0,"27":0,"28":0,"29":0,"30":0,"31":0,"32":0,"33":0,"34":0,"35":0,"36":0,"37":0,"38":0,"39":0,"40":0,"41":0,"42":0,"43":0,"44":0,"45":0,"46":41,"47":1,"48":1,"49":1,"50":1,"51":0,"52":41,"53":1,"54":1,"55":1,"56":0,"57":1,"58":1,"59":1,"60":1,"61":0,"62":0,"63":1,"64":1,"65":1,"66":1,"67":1,"68":1,"69":1,"70":1,"71":1,"72":0,"73":41,"74":4,"75":1,"76":1,"77":0,"78":0,"79":0},"f":{"0":41,"1":5,"2":5,"3":30,"4":0,"5":0,"6":0,"7":0,"8":1,"9":1,"10":1,"11":1,"12":1,"13":1,"14":1,"15":1,"16":1,"17":4,"18":1,"19":1,"20":0,"21":0},"b":{"0":[5,0],"1":[0,0],"2":[0,0],"3":[0,0],"4":[0,0],"5":[0,0],"6":[0,0],"7":[0,0],"8":[0,0],"9":[1,0],"10":[0,1],"11":[0,1],"12":[1,1],"13":[1,0],"14":[4,3],"15":[4,0],"16":[0,0]},"_coverageSchema":"1a1c01bbd47fc00a2c39e90264f33305004495a9","hash":"5088aa669a2acdbdd3cc79559a61ec3cf7e8e28d"}
,"C:\\Users\\truong\\Documents\\SoftwareDesignProject2\\viet-boyz\\front_end_dev\\ems\\src\\pages\\Profile\\User\\ProfilePage.jsx": {"path":"C:\\Users\\truong\\Documents\\SoftwareDesignProject2\\viet-boyz\\front_end_dev\\ems\\src\\pages\\Profile\\User\\ProfilePage.jsx","statementMap":{"0":{"start":{"line":7,"column":42},"end":{"line":7,"column":56}},"1":{"start":{"line":8,"column":19},"end":{"line":8,"column":20}},"2":{"start":{"line":10,"column":4},"end":{"line":26,"column":17}},"3":{"start":{"line":12,"column":33},"end":{"line":23,"column":9}},"4":{"start":{"line":13,"column":12},"end":{"line":22,"column":13}},"5":{"start":{"line":14,"column":33},"end":{"line":14,"column":91}},"6":{"start":{"line":15,"column":16},"end":{"line":17,"column":17}},"7":{"start":{"line":16,"column":20},"end":{"line":16,"column":62}},"8":{"start":{"line":18,"column":29},"end":{"line":18,"column":50}},"9":{"start":{"line":19,"column":16},"end":{"line":19,"column":37}},"10":{"start":{"line":21,"column":16},"end":{"line":21,"column":69}},"11":{"start":{"line":25,"column":8},"end":{"line":25,"column":27}},"12":{"start":{"line":28,"column":29},"end":{"line":30,"column":5}},"13":{"start":{"line":29,"column":8},"end":{"line":29,"column":29}},"14":{"start":{"line":33,"column":4},"end":{"line":59,"column":6}}},"fnMap":{"0":{"name":"ProfilePage","decl":{"start":{"line":6,"column":9},"end":{"line":6,"column":20}},"loc":{"start":{"line":6,"column":23},"end":{"line":60,"column":1}},"line":6},"1":{"name":"(anonymous_1)","decl":{"start":{"line":10,"column":14},"end":{"line":10,"column":15}},"loc":{"start":{"line":10,"column":20},"end":{"line":26,"column":5}},"line":10},"2":{"name":"(anonymous_2)","decl":{"start":{"line":12,"column":33},"end":{"line":12,"column":34}},"loc":{"start":{"line":12,"column":45},"end":{"line":23,"column":9}},"line":12},"3":{"name":"(anonymous_3)","decl":{"start":{"line":28,"column":29},"end":{"line":28,"column":30}},"loc":{"start":{"line":28,"column":39},"end":{"line":30,"column":5}},"line":28}},"branchMap":{"0":{"loc":{"start":{"line":15,"column":16},"end":{"line":17,"column":17}},"type":"if","locations":[{"start":{"line":15,"column":16},"end":{"line":17,"column":17}},{"start":{},"end":{}}],"line":15},"1":{"loc":{"start":{"line":38,"column":13},"end":{"line":56,"column":13}},"type":"cond-expr","locations":[{"start":{"line":39,"column":16},"end":{"line":39,"column":59}},{"start":{"line":41,"column":16},"end":{"line":55,"column":22}}],"line":38}},"s":{"0":7,"1":7,"2":7,"3":5,"4":5,"5":5,"6":4,"7":3,"8":1,"9":1,"10":4,"11":5,"12":7,"13":1,"14":7},"f":{"0":7,"1":5,"2":5,"3":1},"b":{"0":[3,1],"1":[5,2]},"_coverageSchema":"1a1c01bbd47fc00a2c39e90264f33305004495a9","hash":"2412a85aa4bb5cc6bb819d3d229059cb3469373f"}
,"C:\\Users\\truong\\Documents\\SoftwareDesignProject2\\viet-boyz\\front_end_dev\\ems\\tests\\Button.jsx": {"path":"C:\\Users\\truong\\Documents\\SoftwareDesignProject2\\viet-boyz\\front_end_dev\\ems\\tests\\Button.jsx","statementMap":{"0":{"start":{"line":4,"column":15},"end":{"line":6,"column":1}},"1":{"start":{"line":5,"column":2},"end":{"line":5,"column":51}}},"fnMap":{"0":{"name":"(anonymous_0)","decl":{"start":{"line":4,"column":15},"end":{"line":4,"column":16}},"loc":{"start":{"line":4,"column":38},"end":{"line":6,"column":1}},"line":4}},"branchMap":{},"s":{"0":1,"1":2},"f":{"0":2},"b":{},"_coverageSchema":"1a1c01bbd47fc00a2c39e90264f33305004495a9","hash":"1f896529b3a8efcd4e46f6bf3c6eec3afec37b7b"}
}
